[ 2016-11-19T01:41:12+08:00 ] ::1 /term/newSpaperSystem/index.php?s=/Home/Login/verifyCode
INFO: [ app_init ] --START--
INFO: Run Behavior\BuildLiteBehavior [ RunTime:0.000028s ]
INFO: [ app_init ] --END-- [ RunTime:0.000801s ]
INFO: [ app_begin ] --START--
INFO: Run Behavior\ReadHtmlCacheBehavior [ RunTime:0.000653s ]
INFO: [ app_begin ] --END-- [ RunTime:0.000754s ]

[ 2016-11-19T01:41:12+08:00 ] ::1 /term/newSpaperSystem/index.php?s=/Home/Login/verify.html&rand=0.8071422944744173
INFO: [ app_init ] --START--
INFO: Run Behavior\BuildLiteBehavior [ RunTime:0.000018s ]
INFO: [ app_init ] --END-- [ RunTime:0.000561s ]
INFO: [ app_begin ] --START--
INFO: Run Behavior\ReadHtmlCacheBehavior [ RunTime:0.000781s ]
INFO: [ app_begin ] --END-- [ RunTime:0.000872s ]
INFO: [ app_end ] --START--
INFO: Run Behavior\ShowPageTraceBehavior [ RunTime:0.001089s ]
INFO: [ app_end ] --END-- [ RunTime:0.001187s ]

[ 2016-11-19T01:41:18+08:00 ] ::1 /term/newSpaperSystem/index.php?s=/Home/Login/verifyCode
INFO: [ app_init ] --START--
INFO: Run Behavior\BuildLiteBehavior [ RunTime:0.000062s ]
INFO: [ app_init ] --END-- [ RunTime:0.002797s ]
INFO: [ app_begin ] --START--
INFO: Run Behavior\ReadHtmlCacheBehavior [ RunTime:0.001945s ]
INFO: [ app_begin ] --END-- [ RunTime:0.002191s ]

[ 2016-11-19T01:41:20+08:00 ] ::1 /term/newSpaperSystem/index.php?s=/Home/Login/login
INFO: [ app_init ] --START--
INFO: Run Behavior\BuildLiteBehavior [ RunTime:0.000030s ]
INFO: [ app_init ] --END-- [ RunTime:0.000764s ]
INFO: [ app_begin ] --START--
INFO: Run Behavior\ReadHtmlCacheBehavior [ RunTime:0.000734s ]
INFO: [ app_begin ] --END-- [ RunTime:0.000819s ]
SQL: SHOW COLUMNS FROM `art_users` [ RunTime:0.0857s ]
NOTIC: [8] Undefined index: Person E:\WWW\term\newSpaperSystem\ThinkPHP\Library\Think\Db\Driver\Mysql.class.php 第 67 行.
NOTIC: [8] Undefined index: Person E:\WWW\term\newSpaperSystem\ThinkPHP\Library\Think\Db\Driver\Mysql.class.php 第 67 行.
NOTIC: [8] Undefined index: Person E:\WWW\term\newSpaperSystem\ThinkPHP\Library\Think\Db\Driver\Mysql.class.php 第 67 行.
NOTIC: [8] Undefined index: Person E:\WWW\term\newSpaperSystem\ThinkPHP\Library\Think\Db\Driver\Mysql.class.php 第 67 行.
NOTIC: [8] Undefined index: Person E:\WWW\term\newSpaperSystem\ThinkPHP\Library\Think\Db\Driver\Mysql.class.php 第 67 行.
NOTIC: [8] Undefined index: Person E:\WWW\term\newSpaperSystem\ThinkPHP\Library\Think\Db\Driver\Mysql.class.php 第 67 行.
NOTIC: [8] Undefined index: Person E:\WWW\term\newSpaperSystem\ThinkPHP\Library\Think\Db\Driver\Mysql.class.php 第 67 行.
NOTIC: [8] Undefined index: Person E:\WWW\term\newSpaperSystem\ThinkPHP\Library\Think\Db\Driver\Mysql.class.php 第 67 行.
NOTIC: [8] Undefined index: Person E:\WWW\term\newSpaperSystem\ThinkPHP\Library\Think\Db\Driver\Mysql.class.php 第 67 行.
NOTIC: [8] Undefined index: Person E:\WWW\term\newSpaperSystem\ThinkPHP\Library\Think\Db\Driver\Mysql.class.php 第 67 行.
NOTIC: [8] Undefined index: Person E:\WWW\term\newSpaperSystem\ThinkPHP\Library\Think\Db\Driver\Mysql.class.php 第 67 行.
NOTIC: [8] Undefined index: Person E:\WWW\term\newSpaperSystem\ThinkPHP\Library\Think\Db\Driver\Mysql.class.php 第 67 行.
NOTIC: [8] Undefined index: Person E:\WWW\term\newSpaperSystem\ThinkPHP\Library\Think\Db\Driver\Mysql.class.php 第 67 行.
NOTIC: [8] Undefined index: Person E:\WWW\term\newSpaperSystem\ThinkPHP\Library\Think\Db\Driver\Mysql.class.php 第 67 行.
NOTIC: [8] Undefined index: Person E:\WWW\term\newSpaperSystem\ThinkPHP\Library\Think\Db\Driver\Mysql.class.php 第 67 行.
NOTIC: [8] Undefined index: Person E:\WWW\term\newSpaperSystem\ThinkPHP\Library\Think\Db\Driver\Mysql.class.php 第 67 行.
NOTIC: [8] Undefined index: Person E:\WWW\term\newSpaperSystem\ThinkPHP\Library\Think\Db\Driver\Mysql.class.php 第 67 行.
NOTIC: [8] Undefined index: Person E:\WWW\term\newSpaperSystem\ThinkPHP\Library\Think\Db\Driver\Mysql.class.php 第 67 行.
NOTIC: [8] Undefined index: Person E:\WWW\term\newSpaperSystem\ThinkPHP\Library\Think\Db\Driver\Mysql.class.php 第 67 行.
SQL: SELECT `password`,`id`,`uid`,`username`,`isdefriend` FROM `art_users` WHERE `phone` = '13144490856' LIMIT 1   [ RunTime:0.0008s ]

[ 2016-11-19T01:41:30+08:00 ] ::1 /term/newSpaperSystem/index.php?s=/Home/Login/login
INFO: [ app_init ] --START--
INFO: Run Behavior\BuildLiteBehavior [ RunTime:0.000022s ]
INFO: [ app_init ] --END-- [ RunTime:0.000764s ]
INFO: [ app_begin ] --START--
INFO: Run Behavior\ReadHtmlCacheBehavior [ RunTime:0.001026s ]
INFO: [ app_begin ] --END-- [ RunTime:0.001148s ]
SQL: SHOW COLUMNS FROM `art_users` [ RunTime:0.0731s ]
NOTIC: [8] Undefined index: Person E:\WWW\term\newSpaperSystem\ThinkPHP\Library\Think\Db\Driver\Mysql.class.php 第 67 行.
NOTIC: [8] Undefined index: Person E:\WWW\term\newSpaperSystem\ThinkPHP\Library\Think\Db\Driver\Mysql.class.php 第 67 行.
NOTIC: [8] Undefined index: Person E:\WWW\term\newSpaperSystem\ThinkPHP\Library\Think\Db\Driver\Mysql.class.php 第 67 行.
NOTIC: [8] Undefined index: Person E:\WWW\term\newSpaperSystem\ThinkPHP\Library\Think\Db\Driver\Mysql.class.php 第 67 行.
NOTIC: [8] Undefined index: Person E:\WWW\term\newSpaperSystem\ThinkPHP\Library\Think\Db\Driver\Mysql.class.php 第 67 行.
NOTIC: [8] Undefined index: Person E:\WWW\term\newSpaperSystem\ThinkPHP\Library\Think\Db\Driver\Mysql.class.php 第 67 行.
NOTIC: [8] Undefined index: Person E:\WWW\term\newSpaperSystem\ThinkPHP\Library\Think\Db\Driver\Mysql.class.php 第 67 行.
NOTIC: [8] Undefined index: Person E:\WWW\term\newSpaperSystem\ThinkPHP\Library\Think\Db\Driver\Mysql.class.php 第 67 行.
NOTIC: [8] Undefined index: Person E:\WWW\term\newSpaperSystem\ThinkPHP\Library\Think\Db\Driver\Mysql.class.php 第 67 行.
NOTIC: [8] Undefined index: Person E:\WWW\term\newSpaperSystem\ThinkPHP\Library\Think\Db\Driver\Mysql.class.php 第 67 行.
NOTIC: [8] Undefined index: Person E:\WWW\term\newSpaperSystem\ThinkPHP\Library\Think\Db\Driver\Mysql.class.php 第 67 行.
NOTIC: [8] Undefined index: Person E:\WWW\term\newSpaperSystem\ThinkPHP\Library\Think\Db\Driver\Mysql.class.php 第 67 行.
NOTIC: [8] Undefined index: Person E:\WWW\term\newSpaperSystem\ThinkPHP\Library\Think\Db\Driver\Mysql.class.php 第 67 行.
NOTIC: [8] Undefined index: Person E:\WWW\term\newSpaperSystem\ThinkPHP\Library\Think\Db\Driver\Mysql.class.php 第 67 行.
NOTIC: [8] Undefined index: Person E:\WWW\term\newSpaperSystem\ThinkPHP\Library\Think\Db\Driver\Mysql.class.php 第 67 行.
NOTIC: [8] Undefined index: Person E:\WWW\term\newSpaperSystem\ThinkPHP\Library\Think\Db\Driver\Mysql.class.php 第 67 行.
NOTIC: [8] Undefined index: Person E:\WWW\term\newSpaperSystem\ThinkPHP\Library\Think\Db\Driver\Mysql.class.php 第 67 行.
NOTIC: [8] Undefined index: Person E:\WWW\term\newSpaperSystem\ThinkPHP\Library\Think\Db\Driver\Mysql.class.php 第 67 行.
NOTIC: [8] Undefined index: Person E:\WWW\term\newSpaperSystem\ThinkPHP\Library\Think\Db\Driver\Mysql.class.php 第 67 行.
SQL: SELECT `password`,`id`,`uid`,`username`,`isdefriend` FROM `art_users` WHERE `phone` = '13144490855' LIMIT 1   [ RunTime:0.0007s ]

[ 2016-11-19T01:41:33+08:00 ] ::1 /term/newSpaperSystem/index.php?s=/Home/Index/index
INFO: [ app_init ] --START--
INFO: Run Behavior\BuildLiteBehavior [ RunTime:0.000029s ]
INFO: [ app_init ] --END-- [ RunTime:0.000761s ]
INFO: [ app_begin ] --START--
INFO: Run Behavior\ReadHtmlCacheBehavior [ RunTime:0.000993s ]
INFO: [ app_begin ] --END-- [ RunTime:0.001121s ]
INFO: [ view_parse ] --START--
INFO: [ template_filter ] --START--
INFO: Run Behavior\ContentReplaceBehavior [ RunTime:0.000304s ]
INFO: [ template_filter ] --END-- [ RunTime:0.000414s ]
NOTIC: [8] Use of undefined constant admin - assumed 'admin' E:\WWW\term\newSpaperSystem\Runtime\Cache\Home\2a94b8bda04ff446dcedd42276fc99ee.php 第 19 行.
INFO: Run Behavior\ParseTemplateBehavior [ RunTime:0.119358s ]
INFO: [ view_parse ] --END-- [ RunTime:0.119456s ]
INFO: [ view_filter ] --START--
INFO: Run Behavior\WriteHtmlCacheBehavior [ RunTime:0.000953s ]
INFO: [ view_filter ] --END-- [ RunTime:0.001066s ]
INFO: [ app_end ] --START--
INFO: Run Behavior\ShowPageTraceBehavior [ RunTime:0.001581s ]
INFO: [ app_end ] --END-- [ RunTime:0.001712s ]

[ 2016-11-19T01:50:41+08:00 ] ::1 /term/newSpaperSystem/index.php?s=/Home/Person/index.html
INFO: [ app_init ] --START--
INFO: Run Behavior\BuildLiteBehavior [ RunTime:0.000016s ]
INFO: [ app_init ] --END-- [ RunTime:0.000594s ]
INFO: [ app_begin ] --START--
INFO: Run Behavior\ReadHtmlCacheBehavior [ RunTime:0.000628s ]
INFO: [ app_begin ] --END-- [ RunTime:0.000710s ]
SQL: SHOW COLUMNS FROM `art_users` [ RunTime:0.0840s ]
NOTIC: [8] Undefined index: Person E:\WWW\term\newSpaperSystem\ThinkPHP\Library\Think\Db\Driver\Mysql.class.php 第 67 行.
NOTIC: [8] Undefined index: Person E:\WWW\term\newSpaperSystem\ThinkPHP\Library\Think\Db\Driver\Mysql.class.php 第 67 行.
NOTIC: [8] Undefined index: Person E:\WWW\term\newSpaperSystem\ThinkPHP\Library\Think\Db\Driver\Mysql.class.php 第 67 行.
NOTIC: [8] Undefined index: Person E:\WWW\term\newSpaperSystem\ThinkPHP\Library\Think\Db\Driver\Mysql.class.php 第 67 行.
NOTIC: [8] Undefined index: Person E:\WWW\term\newSpaperSystem\ThinkPHP\Library\Think\Db\Driver\Mysql.class.php 第 67 行.
NOTIC: [8] Undefined index: Person E:\WWW\term\newSpaperSystem\ThinkPHP\Library\Think\Db\Driver\Mysql.class.php 第 67 行.
NOTIC: [8] Undefined index: Person E:\WWW\term\newSpaperSystem\ThinkPHP\Library\Think\Db\Driver\Mysql.class.php 第 67 行.
NOTIC: [8] Undefined index: Person E:\WWW\term\newSpaperSystem\ThinkPHP\Library\Think\Db\Driver\Mysql.class.php 第 67 行.
NOTIC: [8] Undefined index: Person E:\WWW\term\newSpaperSystem\ThinkPHP\Library\Think\Db\Driver\Mysql.class.php 第 67 行.
NOTIC: [8] Undefined index: Person E:\WWW\term\newSpaperSystem\ThinkPHP\Library\Think\Db\Driver\Mysql.class.php 第 67 行.
NOTIC: [8] Undefined index: Person E:\WWW\term\newSpaperSystem\ThinkPHP\Library\Think\Db\Driver\Mysql.class.php 第 67 行.
NOTIC: [8] Undefined index: Person E:\WWW\term\newSpaperSystem\ThinkPHP\Library\Think\Db\Driver\Mysql.class.php 第 67 行.
NOTIC: [8] Undefined index: Person E:\WWW\term\newSpaperSystem\ThinkPHP\Library\Think\Db\Driver\Mysql.class.php 第 67 行.
NOTIC: [8] Undefined index: Person E:\WWW\term\newSpaperSystem\ThinkPHP\Library\Think\Db\Driver\Mysql.class.php 第 67 行.
NOTIC: [8] Undefined index: Person E:\WWW\term\newSpaperSystem\ThinkPHP\Library\Think\Db\Driver\Mysql.class.php 第 67 行.
NOTIC: [8] Undefined index: Person E:\WWW\term\newSpaperSystem\ThinkPHP\Library\Think\Db\Driver\Mysql.class.php 第 67 行.
NOTIC: [8] Undefined index: Person E:\WWW\term\newSpaperSystem\ThinkPHP\Library\Think\Db\Driver\Mysql.class.php 第 67 行.
NOTIC: [8] Undefined index: Person E:\WWW\term\newSpaperSystem\ThinkPHP\Library\Think\Db\Driver\Mysql.class.php 第 67 行.
NOTIC: [8] Undefined index: Person E:\WWW\term\newSpaperSystem\ThinkPHP\Library\Think\Db\Driver\Mysql.class.php 第 67 行.
SQL: SELECT * FROM `art_users` WHERE `uid` = 'K0MuKDM2' LIMIT 1   [ RunTime:0.0011s ]
INFO: [ view_parse ] --START--
INFO: [ template_filter ] --START--
INFO: Run Behavior\ContentReplaceBehavior [ RunTime:0.000185s ]
INFO: [ template_filter ] --END-- [ RunTime:0.000296s ]
NOTIC: [8] Use of undefined constant admin - assumed 'admin' E:\WWW\term\newSpaperSystem\Runtime\Cache\Home\444cd209800e8d25a7c3bcd87cb106c9.php 第 21 行.
INFO: Run Behavior\ParseTemplateBehavior [ RunTime:0.201077s ]
INFO: [ view_parse ] --END-- [ RunTime:0.201236s ]
INFO: [ view_filter ] --START--
INFO: Run Behavior\WriteHtmlCacheBehavior [ RunTime:0.001111s ]
INFO: [ view_filter ] --END-- [ RunTime:0.001239s ]
INFO: [ app_end ] --START--
INFO: Run Behavior\ShowPageTraceBehavior [ RunTime:0.002537s ]
INFO: [ app_end ] --END-- [ RunTime:0.003223s ]

[ 2016-11-19T01:50:46+08:00 ] ::1 /term/newSpaperSystem/index.php?s=/Home/Person/account.html
INFO: [ app_init ] --START--
INFO: Run Behavior\BuildLiteBehavior [ RunTime:0.000016s ]
INFO: [ app_init ] --END-- [ RunTime:0.000431s ]
INFO: [ app_begin ] --START--
INFO: Run Behavior\ReadHtmlCacheBehavior [ RunTime:0.000532s ]
INFO: [ app_begin ] --END-- [ RunTime:0.000596s ]
SQL: SHOW COLUMNS FROM `art_users` [ RunTime:0.0891s ]
NOTIC: [8] Undefined index: Person E:\WWW\term\newSpaperSystem\ThinkPHP\Library\Think\Db\Driver\Mysql.class.php 第 67 行.
NOTIC: [8] Undefined index: Person E:\WWW\term\newSpaperSystem\ThinkPHP\Library\Think\Db\Driver\Mysql.class.php 第 67 行.
NOTIC: [8] Undefined index: Person E:\WWW\term\newSpaperSystem\ThinkPHP\Library\Think\Db\Driver\Mysql.class.php 第 67 行.
NOTIC: [8] Undefined index: Person E:\WWW\term\newSpaperSystem\ThinkPHP\Library\Think\Db\Driver\Mysql.class.php 第 67 行.
NOTIC: [8] Undefined index: Person E:\WWW\term\newSpaperSystem\ThinkPHP\Library\Think\Db\Driver\Mysql.class.php 第 67 行.
NOTIC: [8] Undefined index: Person E:\WWW\term\newSpaperSystem\ThinkPHP\Library\Think\Db\Driver\Mysql.class.php 第 67 行.
NOTIC: [8] Undefined index: Person E:\WWW\term\newSpaperSystem\ThinkPHP\Library\Think\Db\Driver\Mysql.class.php 第 67 行.
NOTIC: [8] Undefined index: Person E:\WWW\term\newSpaperSystem\ThinkPHP\Library\Think\Db\Driver\Mysql.class.php 第 67 行.
NOTIC: [8] Undefined index: Person E:\WWW\term\newSpaperSystem\ThinkPHP\Library\Think\Db\Driver\Mysql.class.php 第 67 行.
NOTIC: [8] Undefined index: Person E:\WWW\term\newSpaperSystem\ThinkPHP\Library\Think\Db\Driver\Mysql.class.php 第 67 行.
NOTIC: [8] Undefined index: Person E:\WWW\term\newSpaperSystem\ThinkPHP\Library\Think\Db\Driver\Mysql.class.php 第 67 行.
NOTIC: [8] Undefined index: Person E:\WWW\term\newSpaperSystem\ThinkPHP\Library\Think\Db\Driver\Mysql.class.php 第 67 行.
NOTIC: [8] Undefined index: Person E:\WWW\term\newSpaperSystem\ThinkPHP\Library\Think\Db\Driver\Mysql.class.php 第 67 行.
NOTIC: [8] Undefined index: Person E:\WWW\term\newSpaperSystem\ThinkPHP\Library\Think\Db\Driver\Mysql.class.php 第 67 行.
NOTIC: [8] Undefined index: Person E:\WWW\term\newSpaperSystem\ThinkPHP\Library\Think\Db\Driver\Mysql.class.php 第 67 行.
NOTIC: [8] Undefined index: Person E:\WWW\term\newSpaperSystem\ThinkPHP\Library\Think\Db\Driver\Mysql.class.php 第 67 行.
NOTIC: [8] Undefined index: Person E:\WWW\term\newSpaperSystem\ThinkPHP\Library\Think\Db\Driver\Mysql.class.php 第 67 行.
NOTIC: [8] Undefined index: Person E:\WWW\term\newSpaperSystem\ThinkPHP\Library\Think\Db\Driver\Mysql.class.php 第 67 行.
NOTIC: [8] Undefined index: Person E:\WWW\term\newSpaperSystem\ThinkPHP\Library\Think\Db\Driver\Mysql.class.php 第 67 行.
SQL: SELECT * FROM `art_users` WHERE `uid` = 'K0MuKDM2' LIMIT 1   [ RunTime:0.0010s ]
INFO: [ view_parse ] --START--
INFO: [ template_filter ] --START--
INFO: Run Behavior\ContentReplaceBehavior [ RunTime:0.000555s ]
INFO: [ template_filter ] --END-- [ RunTime:0.000701s ]
NOTIC: [8] Use of undefined constant admin - assumed 'admin' E:\WWW\term\newSpaperSystem\Runtime\Cache\Home\e89d9ff15911cf8f7c5734be3c78d31f.php 第 22 行.
INFO: Run Behavior\ParseTemplateBehavior [ RunTime:0.423842s ]
INFO: [ view_parse ] --END-- [ RunTime:0.423985s ]
INFO: [ view_filter ] --START--
INFO: Run Behavior\WriteHtmlCacheBehavior [ RunTime:0.000772s ]
INFO: [ view_filter ] --END-- [ RunTime:0.000877s ]
INFO: [ app_end ] --START--
INFO: Run Behavior\ShowPageTraceBehavior [ RunTime:0.002158s ]
INFO: [ app_end ] --END-- [ RunTime:0.002311s ]

[ 2016-11-19T01:51:00+08:00 ] ::1 /term/newSpaperSystem/index.php?s=/Home/Person/updateAccount.html&uname=258&truename=TAM&gender=%E4%BF%9D%E5%AF%86&birthday=2016-11-01&cityname=%E6%B9%96%E5%8D%97%E9%95%BF%E6%B2%991&description=%E6%88%91%E5%B0%B1%E6%98%AF%E6%88%91
INFO: [ app_init ] --START--
INFO: Run Behavior\BuildLiteBehavior [ RunTime:0.000051s ]
INFO: [ app_init ] --END-- [ RunTime:0.000908s ]
INFO: [ app_begin ] --START--
INFO: Run Behavior\ReadHtmlCacheBehavior [ RunTime:0.000615s ]
INFO: [ app_begin ] --END-- [ RunTime:0.000684s ]
SQL: SHOW COLUMNS FROM `art_users` [ RunTime:0.1372s ]
NOTIC: [8] Undefined index: Person E:\WWW\term\newSpaperSystem\ThinkPHP\Library\Think\Db\Driver\Mysql.class.php 第 67 行.
NOTIC: [8] Undefined index: Person E:\WWW\term\newSpaperSystem\ThinkPHP\Library\Think\Db\Driver\Mysql.class.php 第 67 行.
NOTIC: [8] Undefined index: Person E:\WWW\term\newSpaperSystem\ThinkPHP\Library\Think\Db\Driver\Mysql.class.php 第 67 行.
NOTIC: [8] Undefined index: Person E:\WWW\term\newSpaperSystem\ThinkPHP\Library\Think\Db\Driver\Mysql.class.php 第 67 行.
NOTIC: [8] Undefined index: Person E:\WWW\term\newSpaperSystem\ThinkPHP\Library\Think\Db\Driver\Mysql.class.php 第 67 行.
NOTIC: [8] Undefined index: Person E:\WWW\term\newSpaperSystem\ThinkPHP\Library\Think\Db\Driver\Mysql.class.php 第 67 行.
NOTIC: [8] Undefined index: Person E:\WWW\term\newSpaperSystem\ThinkPHP\Library\Think\Db\Driver\Mysql.class.php 第 67 行.
NOTIC: [8] Undefined index: Person E:\WWW\term\newSpaperSystem\ThinkPHP\Library\Think\Db\Driver\Mysql.class.php 第 67 行.
NOTIC: [8] Undefined index: Person E:\WWW\term\newSpaperSystem\ThinkPHP\Library\Think\Db\Driver\Mysql.class.php 第 67 行.
NOTIC: [8] Undefined index: Person E:\WWW\term\newSpaperSystem\ThinkPHP\Library\Think\Db\Driver\Mysql.class.php 第 67 行.
NOTIC: [8] Undefined index: Person E:\WWW\term\newSpaperSystem\ThinkPHP\Library\Think\Db\Driver\Mysql.class.php 第 67 行.
NOTIC: [8] Undefined index: Person E:\WWW\term\newSpaperSystem\ThinkPHP\Library\Think\Db\Driver\Mysql.class.php 第 67 行.
NOTIC: [8] Undefined index: Person E:\WWW\term\newSpaperSystem\ThinkPHP\Library\Think\Db\Driver\Mysql.class.php 第 67 行.
NOTIC: [8] Undefined index: Person E:\WWW\term\newSpaperSystem\ThinkPHP\Library\Think\Db\Driver\Mysql.class.php 第 67 行.
NOTIC: [8] Undefined index: Person E:\WWW\term\newSpaperSystem\ThinkPHP\Library\Think\Db\Driver\Mysql.class.php 第 67 行.
NOTIC: [8] Undefined index: Person E:\WWW\term\newSpaperSystem\ThinkPHP\Library\Think\Db\Driver\Mysql.class.php 第 67 行.
NOTIC: [8] Undefined index: Person E:\WWW\term\newSpaperSystem\ThinkPHP\Library\Think\Db\Driver\Mysql.class.php 第 67 行.
NOTIC: [8] Undefined index: Person E:\WWW\term\newSpaperSystem\ThinkPHP\Library\Think\Db\Driver\Mysql.class.php 第 67 行.
NOTIC: [8] Undefined index: Person E:\WWW\term\newSpaperSystem\ThinkPHP\Library\Think\Db\Driver\Mysql.class.php 第 67 行.
SQL: UPDATE `art_users` SET `alias`='258',`birthday`='2016-11-01',`backup`='我就是我',`sex`='保密',`address`='湖南长沙1',`username`='TAM' WHERE `uid` = 'K0MuKDM2' [ RunTime:0.0312s ]

[ 2016-11-19T01:51:04+08:00 ] ::1 /term/newSpaperSystem/index.php?s=/Home/Person/account
INFO: [ app_init ] --START--
INFO: Run Behavior\BuildLiteBehavior [ RunTime:0.000016s ]
INFO: [ app_init ] --END-- [ RunTime:0.000618s ]
INFO: [ app_begin ] --START--
INFO: Run Behavior\ReadHtmlCacheBehavior [ RunTime:0.000547s ]
INFO: [ app_begin ] --END-- [ RunTime:0.000621s ]
SQL: SHOW COLUMNS FROM `art_users` [ RunTime:0.1539s ]
NOTIC: [8] Undefined index: Person E:\WWW\term\newSpaperSystem\ThinkPHP\Library\Think\Db\Driver\Mysql.class.php 第 67 行.
NOTIC: [8] Undefined index: Person E:\WWW\term\newSpaperSystem\ThinkPHP\Library\Think\Db\Driver\Mysql.class.php 第 67 行.
NOTIC: [8] Undefined index: Person E:\WWW\term\newSpaperSystem\ThinkPHP\Library\Think\Db\Driver\Mysql.class.php 第 67 行.
NOTIC: [8] Undefined index: Person E:\WWW\term\newSpaperSystem\ThinkPHP\Library\Think\Db\Driver\Mysql.class.php 第 67 行.
NOTIC: [8] Undefined index: Person E:\WWW\term\newSpaperSystem\ThinkPHP\Library\Think\Db\Driver\Mysql.class.php 第 67 行.
NOTIC: [8] Undefined index: Person E:\WWW\term\newSpaperSystem\ThinkPHP\Library\Think\Db\Driver\Mysql.class.php 第 67 行.
NOTIC: [8] Undefined index: Person E:\WWW\term\newSpaperSystem\ThinkPHP\Library\Think\Db\Driver\Mysql.class.php 第 67 行.
NOTIC: [8] Undefined index: Person E:\WWW\term\newSpaperSystem\ThinkPHP\Library\Think\Db\Driver\Mysql.class.php 第 67 行.
NOTIC: [8] Undefined index: Person E:\WWW\term\newSpaperSystem\ThinkPHP\Library\Think\Db\Driver\Mysql.class.php 第 67 行.
NOTIC: [8] Undefined index: Person E:\WWW\term\newSpaperSystem\ThinkPHP\Library\Think\Db\Driver\Mysql.class.php 第 67 行.
NOTIC: [8] Undefined index: Person E:\WWW\term\newSpaperSystem\ThinkPHP\Library\Think\Db\Driver\Mysql.class.php 第 67 行.
NOTIC: [8] Undefined index: Person E:\WWW\term\newSpaperSystem\ThinkPHP\Library\Think\Db\Driver\Mysql.class.php 第 67 行.
NOTIC: [8] Undefined index: Person E:\WWW\term\newSpaperSystem\ThinkPHP\Library\Think\Db\Driver\Mysql.class.php 第 67 行.
NOTIC: [8] Undefined index: Person E:\WWW\term\newSpaperSystem\ThinkPHP\Library\Think\Db\Driver\Mysql.class.php 第 67 行.
NOTIC: [8] Undefined index: Person E:\WWW\term\newSpaperSystem\ThinkPHP\Library\Think\Db\Driver\Mysql.class.php 第 67 行.
NOTIC: [8] Undefined index: Person E:\WWW\term\newSpaperSystem\ThinkPHP\Library\Think\Db\Driver\Mysql.class.php 第 67 行.
NOTIC: [8] Undefined index: Person E:\WWW\term\newSpaperSystem\ThinkPHP\Library\Think\Db\Driver\Mysql.class.php 第 67 行.
NOTIC: [8] Undefined index: Person E:\WWW\term\newSpaperSystem\ThinkPHP\Library\Think\Db\Driver\Mysql.class.php 第 67 行.
NOTIC: [8] Undefined index: Person E:\WWW\term\newSpaperSystem\ThinkPHP\Library\Think\Db\Driver\Mysql.class.php 第 67 行.
SQL: SELECT * FROM `art_users` WHERE `uid` = 'K0MuKDM2' LIMIT 1   [ RunTime:0.0016s ]
INFO: [ view_parse ] --START--
INFO: [ template_filter ] --START--
INFO: Run Behavior\ContentReplaceBehavior [ RunTime:0.000387s ]
INFO: [ template_filter ] --END-- [ RunTime:0.000498s ]
NOTIC: [8] Use of undefined constant admin - assumed 'admin' E:\WWW\term\newSpaperSystem\Runtime\Cache\Home\e89d9ff15911cf8f7c5734be3c78d31f.php 第 22 行.
INFO: Run Behavior\ParseTemplateBehavior [ RunTime:0.173694s ]
INFO: [ view_parse ] --END-- [ RunTime:0.173910s ]
INFO: [ view_filter ] --START--
INFO: Run Behavior\WriteHtmlCacheBehavior [ RunTime:0.001025s ]
INFO: [ view_filter ] --END-- [ RunTime:0.001184s ]
INFO: [ app_end ] --START--
INFO: Run Behavior\ShowPageTraceBehavior [ RunTime:0.004278s ]
INFO: [ app_end ] --END-- [ RunTime:0.004442s ]

[ 2016-11-19T01:52:58+08:00 ] ::1 /term/newSpaperSystem/index.php?s=/Home/Index/exitLogin.html
INFO: [ app_init ] --START--
INFO: Run Behavior\BuildLiteBehavior [ RunTime:0.000020s ]
INFO: [ app_init ] --END-- [ RunTime:0.000631s ]
INFO: [ app_begin ] --START--
INFO: Run Behavior\ReadHtmlCacheBehavior [ RunTime:0.000848s ]
INFO: [ app_begin ] --END-- [ RunTime:0.000942s ]

[ 2016-11-19T01:52:58+08:00 ] ::1 /term/newSpaperSystem/index.php?s=/Home/Index/index.html
INFO: [ app_init ] --START--
INFO: Run Behavior\BuildLiteBehavior [ RunTime:0.000019s ]
INFO: [ app_init ] --END-- [ RunTime:0.000604s ]
INFO: [ app_begin ] --START--
INFO: Run Behavior\ReadHtmlCacheBehavior [ RunTime:0.001084s ]
INFO: [ app_begin ] --END-- [ RunTime:0.001257s ]
INFO: [ view_parse ] --START--
INFO: [ template_filter ] --START--
INFO: Run Behavior\ContentReplaceBehavior [ RunTime:0.000177s ]
INFO: [ template_filter ] --END-- [ RunTime:0.000250s ]
NOTIC: [8] Use of undefined constant admin - assumed 'admin' E:\WWW\term\newSpaperSystem\Runtime\Cache\Home\2a94b8bda04ff446dcedd42276fc99ee.php 第 19 行.
INFO: Run Behavior\ParseTemplateBehavior [ RunTime:0.054839s ]
INFO: [ view_parse ] --END-- [ RunTime:0.054953s ]
INFO: [ view_filter ] --START--
INFO: Run Behavior\WriteHtmlCacheBehavior [ RunTime:0.000395s ]
INFO: [ view_filter ] --END-- [ RunTime:0.000460s ]
INFO: [ app_end ] --START--
INFO: Run Behavior\ShowPageTraceBehavior [ RunTime:0.000756s ]
INFO: [ app_end ] --END-- [ RunTime:0.000815s ]

[ 2016-11-19T01:53:02+08:00 ] ::1 /term/newSpaperSystem/index.php?s=/Home/Person/account.html
INFO: [ app_init ] --START--
INFO: Run Behavior\BuildLiteBehavior [ RunTime:0.000030s ]
INFO: [ app_init ] --END-- [ RunTime:0.000719s ]
INFO: [ app_begin ] --START--
INFO: Run Behavior\ReadHtmlCacheBehavior [ RunTime:0.000939s ]
INFO: [ app_begin ] --END-- [ RunTime:0.001060s ]
NOTIC: [8] Undefined index: uid E:\WWW\term\newSpaperSystem\Application\Common\Controller\CommonController.class.php 第 19 行.

[ 2016-11-19T01:53:02+08:00 ] ::1 /term/newSpaperSystem/index.php?s=/Home/Login/index.html
INFO: [ app_init ] --START--
INFO: Run Behavior\BuildLiteBehavior [ RunTime:0.000018s ]
INFO: [ app_init ] --END-- [ RunTime:0.000458s ]
INFO: [ app_begin ] --START--
INFO: Run Behavior\ReadHtmlCacheBehavior [ RunTime:0.000699s ]
INFO: [ app_begin ] --END-- [ RunTime:0.000781s ]
INFO: [ view_parse ] --START--
INFO: [ template_filter ] --START--
INFO: Run Behavior\ContentReplaceBehavior [ RunTime:0.000156s ]
INFO: [ template_filter ] --END-- [ RunTime:0.000223s ]
INFO: Run Behavior\ParseTemplateBehavior [ RunTime:0.075547s ]
INFO: [ view_parse ] --END-- [ RunTime:0.075616s ]
INFO: [ view_filter ] --START--
INFO: Run Behavior\WriteHtmlCacheBehavior [ RunTime:0.000273s ]
INFO: [ view_filter ] --END-- [ RunTime:0.000311s ]
INFO: [ app_end ] --START--
INFO: Run Behavior\ShowPageTraceBehavior [ RunTime:0.000578s ]
INFO: [ app_end ] --END-- [ RunTime:0.000622s ]

[ 2016-11-19T01:53:02+08:00 ] ::1 /term/newSpaperSystem/index.php?s=/Home/Login/verify.html
INFO: [ app_init ] --START--
INFO: Run Behavior\BuildLiteBehavior [ RunTime:0.000029s ]
INFO: [ app_init ] --END-- [ RunTime:0.000728s ]
INFO: [ app_begin ] --START--
INFO: Run Behavior\ReadHtmlCacheBehavior [ RunTime:0.001176s ]
INFO: [ app_begin ] --END-- [ RunTime:0.001370s ]
INFO: [ app_end ] --START--
INFO: Run Behavior\ShowPageTraceBehavior [ RunTime:0.000789s ]
INFO: [ app_end ] --END-- [ RunTime:0.000876s ]

