[ 2016-11-19T00:41:55+08:00 ] ::1 /newSpaperSystem/Application/Home/View/public/css/fonts/zenicon.woff?v=2.2.0
INFO: [ app_init ] --START--
INFO: Run Behavior\BuildLiteBehavior [ RunTime:0.000034s ]
INFO: [ app_init ] --END-- [ RunTime:0.000784s ]
ERR: 无法加载模块:Application

[ 2016-11-19T00:41:55+08:00 ] ::1 /newSpaperSystem/Application/Home/View/public/css/fonts/zenicon.ttf?v=2.2.0
INFO: [ app_init ] --START--
INFO: Run Behavior\BuildLiteBehavior [ RunTime:0.000019s ]
INFO: [ app_init ] --END-- [ RunTime:0.000608s ]
ERR: 无法加载模块:Application

[ 2016-11-19T00:47:38+08:00 ] ::1 /newSpaperSystem/Application/Home/View/public/css/fonts/zenicon.woff?v=2.2.0
INFO: [ app_init ] --START--
INFO: Run Behavior\BuildLiteBehavior [ RunTime:0.000026s ]
INFO: [ app_init ] --END-- [ RunTime:0.000814s ]
ERR: 无法加载模块:Application

[ 2016-11-19T00:47:39+08:00 ] ::1 /newSpaperSystem/Application/Home/View/public/css/fonts/zenicon.ttf?v=2.2.0
INFO: [ app_init ] --START--
INFO: Run Behavior\BuildLiteBehavior [ RunTime:0.000019s ]
INFO: [ app_init ] --END-- [ RunTime:0.000709s ]
ERR: 无法加载模块:Application

[ 2016-11-19T00:52:27+08:00 ] ::1 /newSpaperSystem/Application/Home/View/public/css/fonts/zenicon.woff?v=2.2.0
INFO: [ app_init ] --START--
INFO: Run Behavior\BuildLiteBehavior [ RunTime:0.000017s ]
INFO: [ app_init ] --END-- [ RunTime:0.000452s ]
ERR: 无法加载模块:Application

[ 2016-11-19T00:52:27+08:00 ] ::1 /newSpaperSystem/Application/Home/View/public/css/fonts/zenicon.ttf?v=2.2.0
INFO: [ app_init ] --START--
INFO: Run Behavior\BuildLiteBehavior [ RunTime:0.000023s ]
INFO: [ app_init ] --END-- [ RunTime:0.000558s ]
ERR: 无法加载模块:Application

[ 2016-11-19T00:53:16+08:00 ] ::1 /newSpaperSystem/Application/Home/View/public/css/fonts/zenicon.woff?v=2.2.0
INFO: [ app_init ] --START--
INFO: Run Behavior\BuildLiteBehavior [ RunTime:0.000026s ]
INFO: [ app_init ] --END-- [ RunTime:0.000689s ]
ERR: 无法加载模块:Application

[ 2016-11-19T00:53:16+08:00 ] ::1 /newSpaperSystem/Application/Home/View/public/css/fonts/zenicon.ttf?v=2.2.0
INFO: [ app_init ] --START--
INFO: Run Behavior\BuildLiteBehavior [ RunTime:0.000026s ]
INFO: [ app_init ] --END-- [ RunTime:0.000773s ]
ERR: 无法加载模块:Application

[ 2016-11-19T00:54:29+08:00 ] ::1 /newSpaperSystem/Application/Home/View/public/css/fonts/zenicon.woff?v=2.2.0
INFO: [ app_init ] --START--
INFO: Run Behavior\BuildLiteBehavior [ RunTime:0.000035s ]
INFO: [ app_init ] --END-- [ RunTime:0.001363s ]
ERR: 无法加载模块:Application

[ 2016-11-19T00:54:29+08:00 ] ::1 /newSpaperSystem/Application/Home/View/public/css/fonts/zenicon.ttf?v=2.2.0
INFO: [ app_init ] --START--
INFO: Run Behavior\BuildLiteBehavior [ RunTime:0.000032s ]
INFO: [ app_init ] --END-- [ RunTime:0.000810s ]
ERR: 无法加载模块:Application

[ 2016-11-19T00:55:24+08:00 ] ::1 /newSpaperSystem/Application/Home/View/public/css/fonts/zenicon.woff?v=2.2.0
INFO: [ app_init ] --START--
INFO: Run Behavior\BuildLiteBehavior [ RunTime:0.000033s ]
INFO: [ app_init ] --END-- [ RunTime:0.001435s ]
ERR: 无法加载模块:Application

[ 2016-11-19T00:55:24+08:00 ] ::1 /newSpaperSystem/Application/Home/View/public/css/fonts/zenicon.ttf?v=2.2.0
INFO: [ app_init ] --START--
INFO: Run Behavior\BuildLiteBehavior [ RunTime:0.000017s ]
INFO: [ app_init ] --END-- [ RunTime:0.000437s ]
ERR: 无法加载模块:Application

[ 2016-11-19T00:55:55+08:00 ] ::1 /newSpaperSystem/Application/Home/View/public/css/fonts/zenicon.woff?v=2.2.0
INFO: [ app_init ] --START--
INFO: Run Behavior\BuildLiteBehavior [ RunTime:0.000025s ]
INFO: [ app_init ] --END-- [ RunTime:0.000682s ]
ERR: 无法加载模块:Application

[ 2016-11-19T00:55:55+08:00 ] ::1 /newSpaperSystem/Application/Home/View/public/css/fonts/zenicon.ttf?v=2.2.0
INFO: [ app_init ] --START--
INFO: Run Behavior\BuildLiteBehavior [ RunTime:0.000034s ]
INFO: [ app_init ] --END-- [ RunTime:0.000835s ]
ERR: 无法加载模块:Application

[ 2016-11-19T00:56:23+08:00 ] ::1 /newSpaperSystem/Application/Home/View/public/css/fonts/zenicon.woff?v=2.2.0
INFO: [ app_init ] --START--
INFO: Run Behavior\BuildLiteBehavior [ RunTime:0.000020s ]
INFO: [ app_init ] --END-- [ RunTime:0.000623s ]
ERR: 无法加载模块:Application

[ 2016-11-19T00:56:23+08:00 ] ::1 /newSpaperSystem/Application/Home/View/public/css/fonts/zenicon.ttf?v=2.2.0
INFO: [ app_init ] --START--
INFO: Run Behavior\BuildLiteBehavior [ RunTime:0.000027s ]
INFO: [ app_init ] --END-- [ RunTime:0.000828s ]
ERR: 无法加载模块:Application

[ 2016-11-19T01:02:59+08:00 ] ::1 /newSpaperSystem/Application/Home/View/public/css/fonts/zenicon.woff?v=2.2.0
INFO: [ app_init ] --START--
INFO: Run Behavior\BuildLiteBehavior [ RunTime:0.000025s ]
INFO: [ app_init ] --END-- [ RunTime:0.000845s ]
ERR: 无法加载模块:Application

[ 2016-11-19T01:02:59+08:00 ] ::1 /newSpaperSystem/Application/Home/View/public/css/fonts/zenicon.ttf?v=2.2.0
INFO: [ app_init ] --START--
INFO: Run Behavior\BuildLiteBehavior [ RunTime:0.000028s ]
INFO: [ app_init ] --END-- [ RunTime:0.000940s ]
ERR: 无法加载模块:Application

[ 2016-11-19T01:03:39+08:00 ] ::1 /newSpaperSystem/Application/Home/View/public/css/fonts/zenicon.woff?v=2.2.0
INFO: [ app_init ] --START--
INFO: Run Behavior\BuildLiteBehavior [ RunTime:0.000104s ]
INFO: [ app_init ] --END-- [ RunTime:0.001373s ]
ERR: 无法加载模块:Application

[ 2016-11-19T01:03:39+08:00 ] ::1 /newSpaperSystem/Application/Home/View/public/css/fonts/zenicon.ttf?v=2.2.0
INFO: [ app_init ] --START--
INFO: Run Behavior\BuildLiteBehavior [ RunTime:0.000054s ]
INFO: [ app_init ] --END-- [ RunTime:0.000853s ]
ERR: 无法加载模块:Application

[ 2016-11-19T01:04:40+08:00 ] ::1 /newSpaperSystem/Application/Home/View/public/css/fonts/zenicon.woff?v=2.2.0
INFO: [ app_init ] --START--
INFO: Run Behavior\BuildLiteBehavior [ RunTime:0.000018s ]
INFO: [ app_init ] --END-- [ RunTime:0.000563s ]
ERR: 无法加载模块:Application

[ 2016-11-19T01:04:40+08:00 ] ::1 /newSpaperSystem/Application/Home/View/public/css/fonts/zenicon.ttf?v=2.2.0
INFO: [ app_init ] --START--
INFO: Run Behavior\BuildLiteBehavior [ RunTime:0.000043s ]
INFO: [ app_init ] --END-- [ RunTime:0.001022s ]
ERR: 无法加载模块:Application

[ 2016-11-19T01:05:34+08:00 ] ::1 /newSpaperSystem/Application/Home/View/public/css/fonts/zenicon.woff?v=2.2.0
INFO: [ app_init ] --START--
INFO: Run Behavior\BuildLiteBehavior [ RunTime:0.000038s ]
INFO: [ app_init ] --END-- [ RunTime:0.000773s ]
ERR: 无法加载模块:Application

[ 2016-11-19T01:05:34+08:00 ] ::1 /newSpaperSystem/Application/Home/View/public/css/fonts/zenicon.ttf?v=2.2.0
INFO: [ app_init ] --START--
INFO: Run Behavior\BuildLiteBehavior [ RunTime:0.000027s ]
INFO: [ app_init ] --END-- [ RunTime:0.000665s ]
ERR: 无法加载模块:Application

[ 2016-11-19T01:05:56+08:00 ] ::1 /newSpaperSystem/Application/Home/View/public/css/fonts/zenicon.woff?v=2.2.0
INFO: [ app_init ] --START--
INFO: Run Behavior\BuildLiteBehavior [ RunTime:0.000039s ]
INFO: [ app_init ] --END-- [ RunTime:0.000882s ]
ERR: 无法加载模块:Application

[ 2016-11-19T01:05:56+08:00 ] ::1 /newSpaperSystem/Application/Home/View/public/css/fonts/zenicon.ttf?v=2.2.0
INFO: [ app_init ] --START--
INFO: Run Behavior\BuildLiteBehavior [ RunTime:0.000028s ]
INFO: [ app_init ] --END-- [ RunTime:0.000794s ]
ERR: 无法加载模块:Application

[ 2016-11-19T01:06:42+08:00 ] ::1 /newSpaperSystem/Application/Home/View/public/css/fonts/zenicon.woff?v=2.2.0
INFO: [ app_init ] --START--
INFO: Run Behavior\BuildLiteBehavior [ RunTime:0.000025s ]
INFO: [ app_init ] --END-- [ RunTime:0.000696s ]
ERR: 无法加载模块:Application

[ 2016-11-19T01:06:42+08:00 ] ::1 /newSpaperSystem/Application/Home/View/public/css/fonts/zenicon.ttf?v=2.2.0
INFO: [ app_init ] --START--
INFO: Run Behavior\BuildLiteBehavior [ RunTime:0.000023s ]
INFO: [ app_init ] --END-- [ RunTime:0.000513s ]
ERR: 无法加载模块:Application

[ 2016-11-19T01:06:59+08:00 ] ::1 /newSpaperSystem/Application/Home/View/public/css/fonts/zenicon.woff?v=2.2.0
INFO: [ app_init ] --START--
INFO: Run Behavior\BuildLiteBehavior [ RunTime:0.000028s ]
INFO: [ app_init ] --END-- [ RunTime:0.000892s ]
ERR: 无法加载模块:Application

[ 2016-11-19T01:06:59+08:00 ] ::1 /newSpaperSystem/Application/Home/View/public/css/fonts/zenicon.ttf?v=2.2.0
INFO: [ app_init ] --START--
INFO: Run Behavior\BuildLiteBehavior [ RunTime:0.000029s ]
INFO: [ app_init ] --END-- [ RunTime:0.001286s ]
ERR: 无法加载模块:Application

[ 2016-11-19T01:08:59+08:00 ] ::1 /newSpaperSystem/Application/Home/View/public/css/fonts/zenicon.woff?v=2.2.0
INFO: [ app_init ] --START--
INFO: Run Behavior\BuildLiteBehavior [ RunTime:0.000024s ]
INFO: [ app_init ] --END-- [ RunTime:0.000751s ]
ERR: 无法加载模块:Application

[ 2016-11-19T01:08:59+08:00 ] ::1 /newSpaperSystem/Application/Home/View/public/css/fonts/zenicon.ttf?v=2.2.0
INFO: [ app_init ] --START--
INFO: Run Behavior\BuildLiteBehavior [ RunTime:0.000035s ]
INFO: [ app_init ] --END-- [ RunTime:0.001088s ]
ERR: 无法加载模块:Application

[ 2016-11-19T01:10:56+08:00 ] ::1 /newSpaperSystem/Application/Home/View/public/css/fonts/zenicon.woff?v=2.2.0
INFO: [ app_init ] --START--
INFO: Run Behavior\BuildLiteBehavior [ RunTime:0.000031s ]
INFO: [ app_init ] --END-- [ RunTime:0.001113s ]
ERR: 无法加载模块:Application

[ 2016-11-19T01:10:56+08:00 ] ::1 /newSpaperSystem/Application/Home/View/public/css/fonts/zenicon.ttf?v=2.2.0
INFO: [ app_init ] --START--
INFO: Run Behavior\BuildLiteBehavior [ RunTime:0.000017s ]
INFO: [ app_init ] --END-- [ RunTime:0.000772s ]
ERR: 无法加载模块:Application

[ 2016-11-19T01:12:49+08:00 ] ::1 /newSpaperSystem/Application/Home/View/public/css/fonts/zenicon.woff?v=2.2.0
INFO: [ app_init ] --START--
INFO: Run Behavior\BuildLiteBehavior [ RunTime:0.000057s ]
INFO: [ app_init ] --END-- [ RunTime:0.001334s ]
ERR: 无法加载模块:Application

[ 2016-11-19T01:12:49+08:00 ] ::1 /newSpaperSystem/Application/Home/View/public/css/fonts/zenicon.ttf?v=2.2.0
INFO: [ app_init ] --START--
INFO: Run Behavior\BuildLiteBehavior [ RunTime:0.000031s ]
INFO: [ app_init ] --END-- [ RunTime:0.000729s ]
ERR: 无法加载模块:Application

[ 2016-11-19T01:13:21+08:00 ] ::1 /newSpaperSystem/Application/Home/View/public/css/fonts/zenicon.woff?v=2.2.0
INFO: [ app_init ] --START--
INFO: Run Behavior\BuildLiteBehavior [ RunTime:0.000026s ]
INFO: [ app_init ] --END-- [ RunTime:0.000654s ]
ERR: 无法加载模块:Application

[ 2016-11-19T01:13:21+08:00 ] ::1 /newSpaperSystem/Application/Home/View/public/css/fonts/zenicon.ttf?v=2.2.0
INFO: [ app_init ] --START--
INFO: Run Behavior\BuildLiteBehavior [ RunTime:0.000056s ]
INFO: [ app_init ] --END-- [ RunTime:0.000840s ]
ERR: 无法加载模块:Application

[ 2016-11-19T01:13:51+08:00 ] ::1 /newSpaperSystem/Application/Home/View/public/css/fonts/zenicon.woff?v=2.2.0
INFO: [ app_init ] --START--
INFO: Run Behavior\BuildLiteBehavior [ RunTime:0.000030s ]
INFO: [ app_init ] --END-- [ RunTime:0.000660s ]
ERR: 无法加载模块:Application

[ 2016-11-19T01:13:51+08:00 ] ::1 /newSpaperSystem/Application/Home/View/public/css/fonts/zenicon.ttf?v=2.2.0
INFO: [ app_init ] --START--
INFO: Run Behavior\BuildLiteBehavior [ RunTime:0.000031s ]
INFO: [ app_init ] --END-- [ RunTime:0.000809s ]
ERR: 无法加载模块:Application

[ 2016-11-19T01:14:19+08:00 ] ::1 /newSpaperSystem/undefined&rand=0.805103836221919
INFO: [ app_init ] --START--
INFO: Run Behavior\BuildLiteBehavior [ RunTime:0.000028s ]
INFO: [ app_init ] --END-- [ RunTime:0.000637s ]
ERR: 无法加载模块:Undefined&rand=0

[ 2016-11-19T01:14:27+08:00 ] ::1 /newSpaperSystem/Application/Home/View/public/css/fonts/zenicon.woff?v=2.2.0
INFO: [ app_init ] --START--
INFO: Run Behavior\BuildLiteBehavior [ RunTime:0.000026s ]
INFO: [ app_init ] --END-- [ RunTime:0.000789s ]
ERR: 无法加载模块:Application

[ 2016-11-19T01:14:27+08:00 ] ::1 /newSpaperSystem/Application/Home/View/public/css/fonts/zenicon.ttf?v=2.2.0
INFO: [ app_init ] --START--
INFO: Run Behavior\BuildLiteBehavior [ RunTime:0.000030s ]
INFO: [ app_init ] --END-- [ RunTime:0.001028s ]
ERR: 无法加载模块:Application

[ 2016-11-19T01:14:29+08:00 ] ::1 /newSpaperSystem/undefined&rand=0.42491108345275874
INFO: [ app_init ] --START--
INFO: Run Behavior\BuildLiteBehavior [ RunTime:0.000035s ]
INFO: [ app_init ] --END-- [ RunTime:0.000898s ]
ERR: 无法加载模块:Undefined&rand=0

[ 2016-11-19T01:14:57+08:00 ] ::1 /newSpaperSystem/Application/Home/View/public/css/fonts/zenicon.woff?v=2.2.0
INFO: [ app_init ] --START--
INFO: Run Behavior\BuildLiteBehavior [ RunTime:0.000024s ]
INFO: [ app_init ] --END-- [ RunTime:0.000657s ]
ERR: 无法加载模块:Application

[ 2016-11-19T01:14:57+08:00 ] ::1 /newSpaperSystem/Application/Home/View/public/css/fonts/zenicon.ttf?v=2.2.0
INFO: [ app_init ] --START--
INFO: Run Behavior\BuildLiteBehavior [ RunTime:0.000021s ]
INFO: [ app_init ] --END-- [ RunTime:0.000702s ]
ERR: 无法加载模块:Application

[ 2016-11-19T01:15:26+08:00 ] ::1 /newSpaperSystem/undefined&rand=0.2510496994706808
INFO: [ app_init ] --START--
INFO: Run Behavior\BuildLiteBehavior [ RunTime:0.000031s ]
INFO: [ app_init ] --END-- [ RunTime:0.001035s ]
ERR: 无法加载模块:Undefined&rand=0

[ 2016-11-19T01:15:31+08:00 ] ::1 /newSpaperSystem/Application/Home/View/public/css/fonts/zenicon.woff?v=2.2.0
INFO: [ app_init ] --START--
INFO: Run Behavior\BuildLiteBehavior [ RunTime:0.000026s ]
INFO: [ app_init ] --END-- [ RunTime:0.000710s ]
ERR: 无法加载模块:Application

[ 2016-11-19T01:15:31+08:00 ] ::1 /newSpaperSystem/Application/Home/View/public/css/fonts/zenicon.ttf?v=2.2.0
INFO: [ app_init ] --START--
INFO: Run Behavior\BuildLiteBehavior [ RunTime:0.000028s ]
INFO: [ app_init ] --END-- [ RunTime:0.001055s ]
ERR: 无法加载模块:Application

[ 2016-11-19T01:16:18+08:00 ] ::1 /newSpaperSystem/Application/Home/View/public/css/fonts/zenicon.woff?v=2.2.0
INFO: [ app_init ] --START--
INFO: Run Behavior\BuildLiteBehavior [ RunTime:0.000033s ]
INFO: [ app_init ] --END-- [ RunTime:0.000849s ]
ERR: 无法加载模块:Application

[ 2016-11-19T01:16:18+08:00 ] ::1 /newSpaperSystem/Application/Home/View/public/css/fonts/zenicon.ttf?v=2.2.0
INFO: [ app_init ] --START--
INFO: Run Behavior\BuildLiteBehavior [ RunTime:0.000031s ]
INFO: [ app_init ] --END-- [ RunTime:0.000799s ]
ERR: 无法加载模块:Application

[ 2016-11-19T01:16:21+08:00 ] ::1 /newSpaperSystem/Application/Home/View/public/css/fonts/zenicon.woff?v=2.2.0
INFO: [ app_init ] --START--
INFO: Run Behavior\BuildLiteBehavior [ RunTime:0.000025s ]
INFO: [ app_init ] --END-- [ RunTime:0.000576s ]
ERR: 无法加载模块:Application

[ 2016-11-19T01:16:21+08:00 ] ::1 /newSpaperSystem/Application/Home/View/public/css/fonts/zenicon.ttf?v=2.2.0
INFO: [ app_init ] --START--
INFO: Run Behavior\BuildLiteBehavior [ RunTime:0.000039s ]
INFO: [ app_init ] --END-- [ RunTime:0.001000s ]
ERR: 无法加载模块:Application

[ 2016-11-19T01:16:58+08:00 ] ::1 /newSpaperSystem/undefined&rand=0.9793561708873917
INFO: [ app_init ] --START--
INFO: Run Behavior\BuildLiteBehavior [ RunTime:0.000027s ]
INFO: [ app_init ] --END-- [ RunTime:0.000915s ]
ERR: 无法加载模块:Undefined&rand=0

[ 2016-11-19T01:18:51+08:00 ] ::1 /newSpaperSystem/Application/Home/View/public/css/fonts/zenicon.woff?v=2.2.0
INFO: [ app_init ] --START--
INFO: Run Behavior\BuildLiteBehavior [ RunTime:0.000032s ]
INFO: [ app_init ] --END-- [ RunTime:0.000812s ]
ERR: 无法加载模块:Application

[ 2016-11-19T01:18:51+08:00 ] ::1 /newSpaperSystem/Application/Home/View/public/css/fonts/zenicon.ttf?v=2.2.0
INFO: [ app_init ] --START--
INFO: Run Behavior\BuildLiteBehavior [ RunTime:0.000027s ]
INFO: [ app_init ] --END-- [ RunTime:0.000808s ]
ERR: 无法加载模块:Application

[ 2016-11-19T01:19:21+08:00 ] ::1 /newSpaperSystem/Application/Home/View/public/css/fonts/zenicon.woff?v=2.2.0
INFO: [ app_init ] --START--
INFO: Run Behavior\BuildLiteBehavior [ RunTime:0.000031s ]
INFO: [ app_init ] --END-- [ RunTime:0.000899s ]
ERR: 无法加载模块:Application

[ 2016-11-19T01:19:21+08:00 ] ::1 /newSpaperSystem/Application/Home/View/public/css/fonts/zenicon.ttf?v=2.2.0
INFO: [ app_init ] --START--
INFO: Run Behavior\BuildLiteBehavior [ RunTime:0.000017s ]
INFO: [ app_init ] --END-- [ RunTime:0.000441s ]
ERR: 无法加载模块:Application

[ 2016-11-19T01:19:22+08:00 ] ::1 /newSpaperSystem/Application/Home/View/public/css/fonts/zenicon.woff?v=2.2.0
INFO: [ app_init ] --START--
INFO: Run Behavior\BuildLiteBehavior [ RunTime:0.000026s ]
INFO: [ app_init ] --END-- [ RunTime:0.000649s ]
ERR: 无法加载模块:Application

[ 2016-11-19T01:19:22+08:00 ] ::1 /newSpaperSystem/Application/Home/View/public/css/fonts/zenicon.ttf?v=2.2.0
INFO: [ app_init ] --START--
INFO: Run Behavior\BuildLiteBehavior [ RunTime:0.000026s ]
INFO: [ app_init ] --END-- [ RunTime:0.000572s ]
ERR: 无法加载模块:Application

[ 2016-11-19T01:19:23+08:00 ] ::1 /newSpaperSystem/Application/Home/View/public/css/fonts/zenicon.woff?v=2.2.0
INFO: [ app_init ] --START--
INFO: Run Behavior\BuildLiteBehavior [ RunTime:0.000028s ]
INFO: [ app_init ] --END-- [ RunTime:0.001225s ]
ERR: 无法加载模块:Application

[ 2016-11-19T01:19:23+08:00 ] ::1 /newSpaperSystem/Application/Home/View/public/css/fonts/zenicon.ttf?v=2.2.0
INFO: [ app_init ] --START--
INFO: Run Behavior\BuildLiteBehavior [ RunTime:0.000030s ]
INFO: [ app_init ] --END-- [ RunTime:0.000835s ]
ERR: 无法加载模块:Application

[ 2016-11-19T01:19:24+08:00 ] ::1 /newSpaperSystem/Application/Home/View/public/css/fonts/zenicon.woff?v=2.2.0
INFO: [ app_init ] --START--
INFO: Run Behavior\BuildLiteBehavior [ RunTime:0.000030s ]
INFO: [ app_init ] --END-- [ RunTime:0.000622s ]
ERR: 无法加载模块:Application

[ 2016-11-19T01:19:24+08:00 ] ::1 /newSpaperSystem/Application/Home/View/public/css/fonts/zenicon.ttf?v=2.2.0
INFO: [ app_init ] --START--
INFO: Run Behavior\BuildLiteBehavior [ RunTime:0.000016s ]
INFO: [ app_init ] --END-- [ RunTime:0.000394s ]
ERR: 无法加载模块:Application

[ 2016-11-19T01:19:25+08:00 ] ::1 /newSpaperSystem/Application/Home/View/public/css/fonts/zenicon.woff?v=2.2.0
INFO: [ app_init ] --START--
INFO: Run Behavior\BuildLiteBehavior [ RunTime:0.000031s ]
INFO: [ app_init ] --END-- [ RunTime:0.000745s ]
ERR: 无法加载模块:Application

[ 2016-11-19T01:19:25+08:00 ] ::1 /newSpaperSystem/Application/Home/View/public/css/fonts/zenicon.ttf?v=2.2.0
INFO: [ app_init ] --START--
INFO: Run Behavior\BuildLiteBehavior [ RunTime:0.000136s ]
INFO: [ app_init ] --END-- [ RunTime:0.001010s ]
ERR: 无法加载模块:Application

[ 2016-11-19T01:19:26+08:00 ] ::1 /newSpaperSystem/Application/Home/View/public/css/fonts/zenicon.woff?v=2.2.0
INFO: [ app_init ] --START--
INFO: Run Behavior\BuildLiteBehavior [ RunTime:0.000022s ]
INFO: [ app_init ] --END-- [ RunTime:0.000525s ]
ERR: 无法加载模块:Application

[ 2016-11-19T01:19:26+08:00 ] ::1 /newSpaperSystem/Application/Home/View/public/css/fonts/zenicon.ttf?v=2.2.0
INFO: [ app_init ] --START--
INFO: Run Behavior\BuildLiteBehavior [ RunTime:0.000017s ]
INFO: [ app_init ] --END-- [ RunTime:0.000408s ]
ERR: 无法加载模块:Application

[ 2016-11-19T01:19:26+08:00 ] ::1 /newSpaperSystem/Application/Home/View/public/css/fonts/zenicon.woff?v=2.2.0
INFO: [ app_init ] --START--
INFO: Run Behavior\BuildLiteBehavior [ RunTime:0.000038s ]
INFO: [ app_init ] --END-- [ RunTime:0.001022s ]
ERR: 无法加载模块:Application

[ 2016-11-19T01:19:26+08:00 ] ::1 /newSpaperSystem/Application/Home/View/public/css/fonts/zenicon.ttf?v=2.2.0
INFO: [ app_init ] --START--
INFO: Run Behavior\BuildLiteBehavior [ RunTime:0.000054s ]
INFO: [ app_init ] --END-- [ RunTime:0.001593s ]
ERR: 无法加载模块:Application

[ 2016-11-19T01:19:27+08:00 ] ::1 /newSpaperSystem/Application/Home/View/public/css/fonts/zenicon.woff?v=2.2.0
INFO: [ app_init ] --START--
INFO: Run Behavior\BuildLiteBehavior [ RunTime:0.000026s ]
INFO: [ app_init ] --END-- [ RunTime:0.000604s ]
ERR: 无法加载模块:Application

[ 2016-11-19T01:19:27+08:00 ] ::1 /newSpaperSystem/Application/Home/View/public/css/fonts/zenicon.ttf?v=2.2.0
INFO: [ app_init ] --START--
INFO: Run Behavior\BuildLiteBehavior [ RunTime:0.000038s ]
INFO: [ app_init ] --END-- [ RunTime:0.001111s ]
ERR: 无法加载模块:Application

[ 2016-11-19T01:22:49+08:00 ] ::1 /newSpaperSystem/Application/Home/View/public/css/fonts/zenicon.woff?v=2.2.0
INFO: [ app_init ] --START--
INFO: Run Behavior\BuildLiteBehavior [ RunTime:0.000029s ]
INFO: [ app_init ] --END-- [ RunTime:0.000810s ]
ERR: 无法加载模块:Application

[ 2016-11-19T01:22:49+08:00 ] ::1 /newSpaperSystem/Application/Home/View/public/css/fonts/zenicon.ttf?v=2.2.0
INFO: [ app_init ] --START--
INFO: Run Behavior\BuildLiteBehavior [ RunTime:0.000028s ]
INFO: [ app_init ] --END-- [ RunTime:0.001135s ]
ERR: 无法加载模块:Application

[ 2016-11-19T01:22:53+08:00 ] ::1 /newSpaperSystem/Application/Home/View/public/css/fonts/zenicon.woff?v=2.2.0
INFO: [ app_init ] --START--
INFO: Run Behavior\BuildLiteBehavior [ RunTime:0.000030s ]
INFO: [ app_init ] --END-- [ RunTime:0.000745s ]
ERR: 无法加载模块:Application

[ 2016-11-19T01:22:53+08:00 ] ::1 /newSpaperSystem/Application/Home/View/public/css/fonts/zenicon.ttf?v=2.2.0
INFO: [ app_init ] --START--
INFO: Run Behavior\BuildLiteBehavior [ RunTime:0.000027s ]
INFO: [ app_init ] --END-- [ RunTime:0.000698s ]
ERR: 无法加载模块:Application

[ 2016-11-19T01:22:55+08:00 ] ::1 /newSpaperSystem/Application/Home/View/public/css/fonts/zenicon.woff?v=2.2.0
INFO: [ app_init ] --START--
INFO: Run Behavior\BuildLiteBehavior [ RunTime:0.000026s ]
INFO: [ app_init ] --END-- [ RunTime:0.000751s ]
ERR: 无法加载模块:Application

[ 2016-11-19T01:22:55+08:00 ] ::1 /newSpaperSystem/Application/Home/View/public/css/fonts/zenicon.ttf?v=2.2.0
INFO: [ app_init ] --START--
INFO: Run Behavior\BuildLiteBehavior [ RunTime:0.000049s ]
INFO: [ app_init ] --END-- [ RunTime:0.001035s ]
ERR: 无法加载模块:Application

[ 2016-11-19T01:25:33+08:00 ] ::1 /newSpaperSystem/Application/Home/View/public/css/fonts/zenicon.woff?v=2.2.0
INFO: [ app_init ] --START--
INFO: Run Behavior\BuildLiteBehavior [ RunTime:0.000027s ]
INFO: [ app_init ] --END-- [ RunTime:0.000687s ]
ERR: 无法加载模块:Application

[ 2016-11-19T01:25:33+08:00 ] ::1 /newSpaperSystem/Application/Home/View/public/css/fonts/zenicon.ttf?v=2.2.0
INFO: [ app_init ] --START--
INFO: Run Behavior\BuildLiteBehavior [ RunTime:0.000036s ]
INFO: [ app_init ] --END-- [ RunTime:0.001363s ]
ERR: 无法加载模块:Application

[ 2016-11-19T01:25:47+08:00 ] ::1 /newSpaperSystem/Application/Home/View/public/css/fonts/zenicon.woff?v=2.2.0
INFO: [ app_init ] --START--
INFO: Run Behavior\BuildLiteBehavior [ RunTime:0.000032s ]
INFO: [ app_init ] --END-- [ RunTime:0.001183s ]
ERR: 无法加载模块:Application

[ 2016-11-19T01:25:47+08:00 ] ::1 /newSpaperSystem/Application/Home/View/public/css/fonts/zenicon.ttf?v=2.2.0
INFO: [ app_init ] --START--
INFO: Run Behavior\BuildLiteBehavior [ RunTime:0.000032s ]
INFO: [ app_init ] --END-- [ RunTime:0.000947s ]
ERR: 无法加载模块:Application

[ 2016-11-19T01:26:06+08:00 ] ::1 /newSpaperSystem/Application/Home/View/public/css/fonts/zenicon.woff?v=2.2.0
INFO: [ app_init ] --START--
INFO: Run Behavior\BuildLiteBehavior [ RunTime:0.000038s ]
INFO: [ app_init ] --END-- [ RunTime:0.000632s ]
ERR: 无法加载模块:Application

[ 2016-11-19T01:26:06+08:00 ] ::1 /newSpaperSystem/Application/Home/View/public/css/fonts/zenicon.ttf?v=2.2.0
INFO: [ app_init ] --START--
INFO: Run Behavior\BuildLiteBehavior [ RunTime:0.000031s ]
INFO: [ app_init ] --END-- [ RunTime:0.000819s ]
ERR: 无法加载模块:Application

[ 2016-11-19T01:26:13+08:00 ] ::1 /newSpaperSystem/Application/Home/View/public/css/fonts/zenicon.woff?v=2.2.0
INFO: [ app_init ] --START--
INFO: Run Behavior\BuildLiteBehavior [ RunTime:0.000016s ]
INFO: [ app_init ] --END-- [ RunTime:0.000413s ]
ERR: 无法加载模块:Application

[ 2016-11-19T01:26:13+08:00 ] ::1 /newSpaperSystem/Application/Home/View/public/css/fonts/zenicon.ttf?v=2.2.0
INFO: [ app_init ] --START--
INFO: Run Behavior\BuildLiteBehavior [ RunTime:0.000025s ]
INFO: [ app_init ] --END-- [ RunTime:0.000626s ]
ERR: 无法加载模块:Application

[ 2016-11-19T01:30:27+08:00 ] ::1 /newSpaperSystem/Application/Home/View/public/css/fonts/zenicon.woff?v=2.2.0
INFO: [ app_init ] --START--
INFO: Run Behavior\BuildLiteBehavior [ RunTime:0.000034s ]
INFO: [ app_init ] --END-- [ RunTime:0.000784s ]
ERR: 无法加载模块:Application

[ 2016-11-19T01:30:27+08:00 ] ::1 /newSpaperSystem/Application/Home/View/public/css/fonts/zenicon.ttf?v=2.2.0
INFO: [ app_init ] --START--
INFO: Run Behavior\BuildLiteBehavior [ RunTime:0.000027s ]
INFO: [ app_init ] --END-- [ RunTime:0.000717s ]
ERR: 无法加载模块:Application

[ 2016-11-19T01:30:48+08:00 ] ::1 /newSpaperSystem/undefined&rand=0.68322163836176
INFO: [ app_init ] --START--
INFO: Run Behavior\BuildLiteBehavior [ RunTime:0.000023s ]
INFO: [ app_init ] --END-- [ RunTime:0.000588s ]
ERR: 无法加载模块:Undefined&rand=0

[ 2016-11-19T01:30:52+08:00 ] ::1 /newSpaperSystem/Application/Home/View/public/css/fonts/zenicon.woff?v=2.2.0
INFO: [ app_init ] --START--
INFO: Run Behavior\BuildLiteBehavior [ RunTime:0.000025s ]
INFO: [ app_init ] --END-- [ RunTime:0.000614s ]
ERR: 无法加载模块:Application

[ 2016-11-19T01:30:52+08:00 ] ::1 /newSpaperSystem/Application/Home/View/public/css/fonts/zenicon.ttf?v=2.2.0
INFO: [ app_init ] --START--
INFO: Run Behavior\BuildLiteBehavior [ RunTime:0.000030s ]
INFO: [ app_init ] --END-- [ RunTime:0.001705s ]
ERR: 无法加载模块:Application

[ 2016-11-19T01:31:09+08:00 ] ::1 /newSpaperSystem/Application/Home/View/public/css/fonts/zenicon.woff?v=2.2.0
INFO: [ app_init ] --START--
INFO: Run Behavior\BuildLiteBehavior [ RunTime:0.000017s ]
INFO: [ app_init ] --END-- [ RunTime:0.000576s ]
ERR: 无法加载模块:Application

[ 2016-11-19T01:31:09+08:00 ] ::1 /newSpaperSystem/Application/Home/View/public/css/fonts/zenicon.ttf?v=2.2.0
INFO: [ app_init ] --START--
INFO: Run Behavior\BuildLiteBehavior [ RunTime:0.000031s ]
INFO: [ app_init ] --END-- [ RunTime:0.000836s ]
ERR: 无法加载模块:Application

[ 2016-11-19T01:31:13+08:00 ] ::1 /newSpaperSystem/Application/Home/View/public/css/fonts/zenicon.woff?v=2.2.0
INFO: [ app_init ] --START--
INFO: Run Behavior\BuildLiteBehavior [ RunTime:0.000046s ]
INFO: [ app_init ] --END-- [ RunTime:0.000947s ]
ERR: 无法加载模块:Application

[ 2016-11-19T01:31:13+08:00 ] ::1 /newSpaperSystem/Application/Home/View/public/css/fonts/zenicon.ttf?v=2.2.0
INFO: [ app_init ] --START--
INFO: Run Behavior\BuildLiteBehavior [ RunTime:0.000026s ]
INFO: [ app_init ] --END-- [ RunTime:0.000663s ]
ERR: 无法加载模块:Application

[ 2016-11-19T01:32:43+08:00 ] ::1 /newSpaperSystem/Application/Home/View/public/css/fonts/zenicon.woff?v=2.2.0
INFO: [ app_init ] --START--
INFO: Run Behavior\BuildLiteBehavior [ RunTime:0.000026s ]
INFO: [ app_init ] --END-- [ RunTime:0.000688s ]
ERR: 无法加载模块:Application

[ 2016-11-19T01:32:43+08:00 ] ::1 /newSpaperSystem/Application/Home/View/public/css/fonts/zenicon.ttf?v=2.2.0
INFO: [ app_init ] --START--
INFO: Run Behavior\BuildLiteBehavior [ RunTime:0.000033s ]
INFO: [ app_init ] --END-- [ RunTime:0.003252s ]
ERR: 无法加载模块:Application

[ 2016-11-19T01:33:12+08:00 ] ::1 /newSpaperSystem/Application/Home/View/public/css/fonts/zenicon.woff?v=2.2.0
INFO: [ app_init ] --START--
INFO: Run Behavior\BuildLiteBehavior [ RunTime:0.000024s ]
INFO: [ app_init ] --END-- [ RunTime:0.000557s ]
ERR: 无法加载模块:Application

[ 2016-11-19T01:33:12+08:00 ] ::1 /newSpaperSystem/Application/Home/View/public/css/fonts/zenicon.ttf?v=2.2.0
INFO: [ app_init ] --START--
INFO: Run Behavior\BuildLiteBehavior [ RunTime:0.000028s ]
INFO: [ app_init ] --END-- [ RunTime:0.000919s ]
ERR: 无法加载模块:Application

[ 2016-11-19T01:33:43+08:00 ] ::1 /newSpaperSystem/undefined&rand=0.8931040375780375
INFO: [ app_init ] --START--
INFO: Run Behavior\BuildLiteBehavior [ RunTime:0.000015s ]
INFO: [ app_init ] --END-- [ RunTime:0.000365s ]
ERR: 无法加载模块:Undefined&rand=0

[ 2016-11-19T01:33:43+08:00 ] ::1 /newSpaperSystem/undefined&rand=0.8931040375780375?0.4711684578074422
INFO: [ app_init ] --START--
INFO: Run Behavior\BuildLiteBehavior [ RunTime:0.000092s ]
INFO: [ app_init ] --END-- [ RunTime:0.002396s ]
ERR: 无法加载模块:Undefined&rand=0

[ 2016-11-19T01:33:45+08:00 ] ::1 /newSpaperSystem/undefined&rand=0.028093838710677277
INFO: [ app_init ] --START--
INFO: Run Behavior\BuildLiteBehavior [ RunTime:0.000016s ]
INFO: [ app_init ] --END-- [ RunTime:0.000458s ]
ERR: 无法加载模块:Undefined&rand=0

[ 2016-11-19T01:33:45+08:00 ] ::1 /newSpaperSystem/undefined&rand=0.028093838710677277?0.07224924463889781
INFO: [ app_init ] --START--
INFO: Run Behavior\BuildLiteBehavior [ RunTime:0.000015s ]
INFO: [ app_init ] --END-- [ RunTime:0.000461s ]
ERR: 无法加载模块:Undefined&rand=0

[ 2016-11-19T01:33:46+08:00 ] ::1 /newSpaperSystem/undefined&rand=0.7246545220582405
INFO: [ app_init ] --START--
INFO: Run Behavior\BuildLiteBehavior [ RunTime:0.000016s ]
INFO: [ app_init ] --END-- [ RunTime:0.000422s ]
ERR: 无法加载模块:Undefined&rand=0

[ 2016-11-19T01:34:21+08:00 ] ::1 /newSpaperSystem/Application/Home/View/public/css/fonts/zenicon.woff?v=2.2.0
INFO: [ app_init ] --START--
INFO: Run Behavior\BuildLiteBehavior [ RunTime:0.000054s ]
INFO: [ app_init ] --END-- [ RunTime:0.001140s ]
ERR: 无法加载模块:Application

[ 2016-11-19T01:34:22+08:00 ] ::1 /newSpaperSystem/Application/Home/View/public/css/fonts/zenicon.ttf?v=2.2.0
INFO: [ app_init ] --START--
INFO: Run Behavior\BuildLiteBehavior [ RunTime:0.000056s ]
INFO: [ app_init ] --END-- [ RunTime:0.002289s ]
ERR: 无法加载模块:Application

[ 2016-11-19T01:34:50+08:00 ] ::1 /newSpaperSystem/Application/Home/View/public/css/fonts/zenicon.woff?v=2.2.0
INFO: [ app_init ] --START--
INFO: Run Behavior\BuildLiteBehavior [ RunTime:0.000031s ]
INFO: [ app_init ] --END-- [ RunTime:0.000890s ]
ERR: 无法加载模块:Application

[ 2016-11-19T01:34:50+08:00 ] ::1 /newSpaperSystem/Application/Home/View/public/css/fonts/zenicon.ttf?v=2.2.0
INFO: [ app_init ] --START--
INFO: Run Behavior\BuildLiteBehavior [ RunTime:0.000016s ]
INFO: [ app_init ] --END-- [ RunTime:0.000487s ]
ERR: 无法加载模块:Application

[ 2016-11-19T01:35:14+08:00 ] ::1 /newSpaperSystem/undefined&rand=0.6050175963968039
INFO: [ app_init ] --START--
INFO: Run Behavior\BuildLiteBehavior [ RunTime:0.000015s ]
INFO: [ app_init ] --END-- [ RunTime:0.000416s ]
ERR: 无法加载模块:Undefined&rand=0

[ 2016-11-19T01:35:17+08:00 ] ::1 /newSpaperSystem/undefined&rand=0.3820085930715982
INFO: [ app_init ] --START--
INFO: Run Behavior\BuildLiteBehavior [ RunTime:0.000017s ]
INFO: [ app_init ] --END-- [ RunTime:0.000470s ]
ERR: 无法加载模块:Undefined&rand=0

[ 2016-11-19T01:35:41+08:00 ] ::1 /newSpaperSystem/Application/Home/View/public/css/fonts/zenicon.woff?v=2.2.0
INFO: [ app_init ] --START--
INFO: Run Behavior\BuildLiteBehavior [ RunTime:0.000028s ]
INFO: [ app_init ] --END-- [ RunTime:0.001227s ]
ERR: 无法加载模块:Application

[ 2016-11-19T01:35:41+08:00 ] ::1 /newSpaperSystem/Application/Home/View/public/css/fonts/zenicon.ttf?v=2.2.0
INFO: [ app_init ] --START--
INFO: Run Behavior\BuildLiteBehavior [ RunTime:0.000018s ]
INFO: [ app_init ] --END-- [ RunTime:0.001049s ]
ERR: 无法加载模块:Application

[ 2016-11-19T01:36:23+08:00 ] ::1 /newSpaperSystem/Application/Home/View/public/css/fonts/zenicon.woff?v=2.2.0
INFO: [ app_init ] --START--
INFO: Run Behavior\BuildLiteBehavior [ RunTime:0.000029s ]
INFO: [ app_init ] --END-- [ RunTime:0.000984s ]
ERR: 无法加载模块:Application

[ 2016-11-19T01:36:23+08:00 ] ::1 /newSpaperSystem/Application/Home/View/public/css/fonts/zenicon.ttf?v=2.2.0
INFO: [ app_init ] --START--
INFO: Run Behavior\BuildLiteBehavior [ RunTime:0.000028s ]
INFO: [ app_init ] --END-- [ RunTime:0.000937s ]
ERR: 无法加载模块:Application

[ 2016-11-19T01:36:29+08:00 ] ::1 /newSpaperSystem/Application/Home/View/public/css/fonts/zenicon.woff?v=2.2.0
INFO: [ app_init ] --START--
INFO: Run Behavior\BuildLiteBehavior [ RunTime:0.000072s ]
INFO: [ app_init ] --END-- [ RunTime:0.001441s ]
ERR: 无法加载模块:Application

[ 2016-11-19T01:36:29+08:00 ] ::1 /newSpaperSystem/Application/Home/View/public/css/fonts/zenicon.ttf?v=2.2.0
INFO: [ app_init ] --START--
INFO: Run Behavior\BuildLiteBehavior [ RunTime:0.000026s ]
INFO: [ app_init ] --END-- [ RunTime:0.000742s ]
ERR: 无法加载模块:Application

[ 2016-11-19T01:36:55+08:00 ] ::1 /newSpaperSystem/Application/Home/View/public/css/fonts/zenicon.woff?v=2.2.0
INFO: [ app_init ] --START--
INFO: Run Behavior\BuildLiteBehavior [ RunTime:0.000027s ]
INFO: [ app_init ] --END-- [ RunTime:0.000578s ]
ERR: 无法加载模块:Application

[ 2016-11-19T01:36:55+08:00 ] ::1 /newSpaperSystem/Application/Home/View/public/css/fonts/zenicon.ttf?v=2.2.0
INFO: [ app_init ] --START--
INFO: Run Behavior\BuildLiteBehavior [ RunTime:0.000029s ]
INFO: [ app_init ] --END-- [ RunTime:0.000943s ]
ERR: 无法加载模块:Application

[ 2016-11-19T01:36:59+08:00 ] ::1 /newSpaperSystem/Application/Home/View/public/css/fonts/zenicon.woff?v=2.2.0
INFO: [ app_init ] --START--
INFO: Run Behavior\BuildLiteBehavior [ RunTime:0.000035s ]
INFO: [ app_init ] --END-- [ RunTime:0.000689s ]
ERR: 无法加载模块:Application

[ 2016-11-19T01:36:59+08:00 ] ::1 /newSpaperSystem/Application/Home/View/public/css/fonts/zenicon.ttf?v=2.2.0
INFO: [ app_init ] --START--
INFO: Run Behavior\BuildLiteBehavior [ RunTime:0.000024s ]
INFO: [ app_init ] --END-- [ RunTime:0.002215s ]
ERR: 无法加载模块:Application

[ 2016-11-19T01:38:10+08:00 ] ::1 /newSpaperSystem/Application/Home/View/public/css/fonts/zenicon.woff?v=2.2.0
INFO: [ app_init ] --START--
INFO: Run Behavior\BuildLiteBehavior [ RunTime:0.000028s ]
INFO: [ app_init ] --END-- [ RunTime:0.000655s ]
ERR: 无法加载模块:Application

[ 2016-11-19T01:38:10+08:00 ] ::1 /newSpaperSystem/Application/Home/View/public/css/fonts/zenicon.ttf?v=2.2.0
INFO: [ app_init ] --START--
INFO: Run Behavior\BuildLiteBehavior [ RunTime:0.000028s ]
INFO: [ app_init ] --END-- [ RunTime:0.001073s ]
ERR: 无法加载模块:Application

[ 2016-11-19T01:38:46+08:00 ] ::1 /newSpaperSystem/Application/Home/View/public/css/fonts/zenicon.woff?v=2.2.0
INFO: [ app_init ] --START--
INFO: Run Behavior\BuildLiteBehavior [ RunTime:0.000081s ]
INFO: [ app_init ] --END-- [ RunTime:0.001306s ]
ERR: 无法加载模块:Application

[ 2016-11-19T01:38:46+08:00 ] ::1 /newSpaperSystem/Application/Home/View/public/css/fonts/zenicon.ttf?v=2.2.0
INFO: [ app_init ] --START--
INFO: Run Behavior\BuildLiteBehavior [ RunTime:0.000025s ]
INFO: [ app_init ] --END-- [ RunTime:0.000900s ]
ERR: 无法加载模块:Application

[ 2016-11-19T01:39:05+08:00 ] ::1 /newSpaperSystem/Application/Home/View/public/css/fonts/zenicon.woff?v=2.2.0
INFO: [ app_init ] --START--
INFO: Run Behavior\BuildLiteBehavior [ RunTime:0.000028s ]
INFO: [ app_init ] --END-- [ RunTime:0.000695s ]
ERR: 无法加载模块:Application

[ 2016-11-19T01:39:05+08:00 ] ::1 /newSpaperSystem/Application/Home/View/public/css/fonts/zenicon.ttf?v=2.2.0
INFO: [ app_init ] --START--
INFO: Run Behavior\BuildLiteBehavior [ RunTime:0.000030s ]
INFO: [ app_init ] --END-- [ RunTime:0.001672s ]
ERR: 无法加载模块:Application

[ 2016-11-19T01:40:49+08:00 ] ::1 /newSpaperSystem/Application/Home/View/public/css/fonts/zenicon.woff?v=2.2.0
INFO: [ app_init ] --START--
INFO: Run Behavior\BuildLiteBehavior [ RunTime:0.000021s ]
INFO: [ app_init ] --END-- [ RunTime:0.000630s ]
ERR: 无法加载模块:Application

[ 2016-11-19T01:40:49+08:00 ] ::1 /newSpaperSystem/Application/Home/View/public/css/fonts/zenicon.ttf?v=2.2.0
INFO: [ app_init ] --START--
INFO: Run Behavior\BuildLiteBehavior [ RunTime:0.000057s ]
INFO: [ app_init ] --END-- [ RunTime:0.000939s ]
ERR: 无法加载模块:Application

[ 2016-11-19T01:41:15+08:00 ] ::1 /newSpaperSystem/Application/Home/View/public/css/fonts/zenicon.woff?v=2.2.0
INFO: [ app_init ] --START--
INFO: Run Behavior\BuildLiteBehavior [ RunTime:0.000023s ]
INFO: [ app_init ] --END-- [ RunTime:0.000632s ]
ERR: 无法加载模块:Application

[ 2016-11-19T01:41:15+08:00 ] ::1 /newSpaperSystem/Application/Home/View/public/css/fonts/zenicon.ttf?v=2.2.0
INFO: [ app_init ] --START--
INFO: Run Behavior\BuildLiteBehavior [ RunTime:0.000031s ]
INFO: [ app_init ] --END-- [ RunTime:0.000801s ]
ERR: 无法加载模块:Application

[ 2016-11-19T01:41:17+08:00 ] ::1 /newSpaperSystem/Application/Home/View/public/css/fonts/zenicon.woff?v=2.2.0
INFO: [ app_init ] --START--
INFO: Run Behavior\BuildLiteBehavior [ RunTime:0.000029s ]
INFO: [ app_init ] --END-- [ RunTime:0.000653s ]
ERR: 无法加载模块:Application

[ 2016-11-19T01:41:17+08:00 ] ::1 /newSpaperSystem/Application/Home/View/public/css/fonts/zenicon.ttf?v=2.2.0
INFO: [ app_init ] --START--
INFO: Run Behavior\BuildLiteBehavior [ RunTime:0.000014s ]
INFO: [ app_init ] --END-- [ RunTime:0.000396s ]
ERR: 无法加载模块:Application

[ 2016-11-19T01:49:03+08:00 ] ::1 /newSpaperSystem/Application/Home/View/public/css/fonts/zenicon.woff?v=2.2.0
INFO: [ app_init ] --START--
INFO: Run Behavior\BuildLiteBehavior [ RunTime:0.000027s ]
INFO: [ app_init ] --END-- [ RunTime:0.000810s ]
ERR: 无法加载模块:Application

[ 2016-11-19T01:49:03+08:00 ] ::1 /newSpaperSystem/Application/Home/View/public/css/fonts/zenicon.ttf?v=2.2.0
INFO: [ app_init ] --START--
INFO: Run Behavior\BuildLiteBehavior [ RunTime:0.000023s ]
INFO: [ app_init ] --END-- [ RunTime:0.000552s ]
ERR: 无法加载模块:Application

[ 2016-11-19T01:49:22+08:00 ] ::1 /newSpaperSystem/Application/Home/View/public/css/fonts/zenicon.woff?v=2.2.0
INFO: [ app_init ] --START--
INFO: Run Behavior\BuildLiteBehavior [ RunTime:0.000026s ]
INFO: [ app_init ] --END-- [ RunTime:0.000657s ]
ERR: 无法加载模块:Application

[ 2016-11-19T01:49:22+08:00 ] ::1 /newSpaperSystem/Application/Home/View/public/css/fonts/zenicon.ttf?v=2.2.0
INFO: [ app_init ] --START--
INFO: Run Behavior\BuildLiteBehavior [ RunTime:0.000047s ]
INFO: [ app_init ] --END-- [ RunTime:0.002035s ]
ERR: 无法加载模块:Application

[ 2016-11-19T01:49:46+08:00 ] ::1 /newSpaperSystem/Application/Home/View/public/css/fonts/zenicon.woff?v=2.2.0
INFO: [ app_init ] --START--
INFO: Run Behavior\BuildLiteBehavior [ RunTime:0.000033s ]
INFO: [ app_init ] --END-- [ RunTime:0.000990s ]
ERR: 无法加载模块:Application

[ 2016-11-19T01:49:46+08:00 ] ::1 /newSpaperSystem/Application/Home/View/public/css/fonts/zenicon.ttf?v=2.2.0
INFO: [ app_init ] --START--
INFO: Run Behavior\BuildLiteBehavior [ RunTime:0.000027s ]
INFO: [ app_init ] --END-- [ RunTime:0.000815s ]
ERR: 无法加载模块:Application

[ 2016-11-19T01:50:22+08:00 ] ::1 /newSpaperSystem/undefined&rand=0.1512780661553741
INFO: [ app_init ] --START--
INFO: Run Behavior\BuildLiteBehavior [ RunTime:0.000015s ]
INFO: [ app_init ] --END-- [ RunTime:0.000485s ]
ERR: 无法加载模块:Undefined&rand=0

[ 2016-11-19T01:50:26+08:00 ] ::1 /newSpaperSystem/Application/Home/View/public/css/fonts/zenicon.woff?v=2.2.0
INFO: [ app_init ] --START--
INFO: Run Behavior\BuildLiteBehavior [ RunTime:0.000035s ]
INFO: [ app_init ] --END-- [ RunTime:0.000900s ]
ERR: 无法加载模块:Application

[ 2016-11-19T01:50:26+08:00 ] ::1 /newSpaperSystem/Application/Home/View/public/css/fonts/zenicon.ttf?v=2.2.0
INFO: [ app_init ] --START--
INFO: Run Behavior\BuildLiteBehavior [ RunTime:0.000022s ]
INFO: [ app_init ] --END-- [ RunTime:0.000515s ]
ERR: 无法加载模块:Application

[ 2016-11-19T01:50:35+08:00 ] ::1 /newSpaperSystem/undefined&rand=0.159592702836723
INFO: [ app_init ] --START--
INFO: Run Behavior\BuildLiteBehavior [ RunTime:0.000019s ]
INFO: [ app_init ] --END-- [ RunTime:0.000437s ]
ERR: 无法加载模块:Undefined&rand=0

[ 2016-11-19T01:50:41+08:00 ] ::1 /newSpaperSystem/Application/Home/View/public/css/fonts/zenicon.woff?v=2.2.0
INFO: [ app_init ] --START--
INFO: Run Behavior\BuildLiteBehavior [ RunTime:0.000035s ]
INFO: [ app_init ] --END-- [ RunTime:0.000695s ]
ERR: 无法加载模块:Application

[ 2016-11-19T01:50:41+08:00 ] ::1 /newSpaperSystem/Application/Home/View/public/css/fonts/zenicon.ttf?v=2.2.0
INFO: [ app_init ] --START--
INFO: Run Behavior\BuildLiteBehavior [ RunTime:0.000032s ]
INFO: [ app_init ] --END-- [ RunTime:0.000994s ]
ERR: 无法加载模块:Application

[ 2016-11-19T01:53:46+08:00 ] ::1 /newSpaperSystem/undefined&rand=0.3180762409304565
INFO: [ app_init ] --START--
INFO: Run Behavior\BuildLiteBehavior [ RunTime:0.000014s ]
INFO: [ app_init ] --END-- [ RunTime:0.000451s ]
ERR: 无法加载模块:Undefined&rand=0

[ 2016-11-19T01:54:58+08:00 ] ::1 /newSpaperSystem/Application/Home/View/public/css/fonts/zenicon.woff?v=2.2.0
INFO: [ app_init ] --START--
INFO: Run Behavior\BuildLiteBehavior [ RunTime:0.000036s ]
INFO: [ app_init ] --END-- [ RunTime:0.000951s ]
ERR: 无法加载模块:Application

[ 2016-11-19T01:54:58+08:00 ] ::1 /newSpaperSystem/Application/Home/View/public/css/fonts/zenicon.ttf?v=2.2.0
INFO: [ app_init ] --START--
INFO: Run Behavior\BuildLiteBehavior [ RunTime:0.000025s ]
INFO: [ app_init ] --END-- [ RunTime:0.000719s ]
ERR: 无法加载模块:Application

[ 2016-11-19T07:04:52+08:00 ] ::1 /newSpaperSystem/Application/Home/View/public/css/fonts/zenicon.woff?v=2.2.0
INFO: [ app_init ] --START--
INFO: Run Behavior\BuildLiteBehavior [ RunTime:0.000021s ]
INFO: [ app_init ] --END-- [ RunTime:0.000449s ]
ERR: 无法加载模块:Application

[ 2016-11-19T07:04:53+08:00 ] ::1 /newSpaperSystem/Application/Home/View/public/css/fonts/zenicon.ttf?v=2.2.0
INFO: [ app_init ] --START--
INFO: Run Behavior\BuildLiteBehavior [ RunTime:0.000027s ]
INFO: [ app_init ] --END-- [ RunTime:0.000767s ]
ERR: 无法加载模块:Application

[ 2016-11-19T07:14:36+08:00 ] ::1 /newSpaperSystem/Application/Home/View/public/css/fonts/zenicon.woff?v=2.2.0
INFO: [ app_init ] --START--
INFO: Run Behavior\BuildLiteBehavior [ RunTime:0.000026s ]
INFO: [ app_init ] --END-- [ RunTime:0.000631s ]
ERR: 无法加载模块:Application

[ 2016-11-19T07:14:36+08:00 ] ::1 /newSpaperSystem/Application/Home/View/public/css/fonts/zenicon.ttf?v=2.2.0
INFO: [ app_init ] --START--
INFO: Run Behavior\BuildLiteBehavior [ RunTime:0.000019s ]
INFO: [ app_init ] --END-- [ RunTime:0.000471s ]
ERR: 无法加载模块:Application

[ 2016-11-19T07:14:39+08:00 ] ::1 /newSpaperSystem/Application/Home/View/public/css/fonts/zenicon.woff?v=2.2.0
INFO: [ app_init ] --START--
INFO: Run Behavior\BuildLiteBehavior [ RunTime:0.000054s ]
INFO: [ app_init ] --END-- [ RunTime:0.001319s ]
ERR: 无法加载模块:Application

[ 2016-11-19T07:14:39+08:00 ] ::1 /newSpaperSystem/Application/Home/View/public/css/fonts/zenicon.ttf?v=2.2.0
INFO: [ app_init ] --START--
INFO: Run Behavior\BuildLiteBehavior [ RunTime:0.000021s ]
INFO: [ app_init ] --END-- [ RunTime:0.000670s ]
ERR: 无法加载模块:Application

[ 2016-11-19T07:14:42+08:00 ] ::1 /newSpaperSystem/Application/Home/View/public/css/fonts/zenicon.woff?v=2.2.0
INFO: [ app_init ] --START--
INFO: Run Behavior\BuildLiteBehavior [ RunTime:0.000037s ]
INFO: [ app_init ] --END-- [ RunTime:0.001315s ]
ERR: 无法加载模块:Application

[ 2016-11-19T07:14:42+08:00 ] ::1 /newSpaperSystem/Application/Home/View/public/css/fonts/zenicon.ttf?v=2.2.0
INFO: [ app_init ] --START--
INFO: Run Behavior\BuildLiteBehavior [ RunTime:0.000043s ]
INFO: [ app_init ] --END-- [ RunTime:0.001162s ]
ERR: 无法加载模块:Application

[ 2016-11-19T07:15:05+08:00 ] ::1 /newSpaperSystem/Application/Home/View/public/css/fonts/zenicon.woff?v=2.2.0
INFO: [ app_init ] --START--
INFO: Run Behavior\BuildLiteBehavior [ RunTime:0.000026s ]
INFO: [ app_init ] --END-- [ RunTime:0.000777s ]
ERR: 无法加载模块:Application

[ 2016-11-19T07:15:05+08:00 ] ::1 /newSpaperSystem/Application/Home/View/public/css/fonts/zenicon.ttf?v=2.2.0
INFO: [ app_init ] --START--
INFO: Run Behavior\BuildLiteBehavior [ RunTime:0.000017s ]
INFO: [ app_init ] --END-- [ RunTime:0.000554s ]
ERR: 无法加载模块:Application

[ 2016-11-19T07:15:25+08:00 ] ::1 /newSpaperSystem/Application/Home/View/public/css/fonts/zenicon.woff?v=2.2.0
INFO: [ app_init ] --START--
INFO: Run Behavior\BuildLiteBehavior [ RunTime:0.000019s ]
INFO: [ app_init ] --END-- [ RunTime:0.000610s ]
ERR: 无法加载模块:Application

[ 2016-11-19T07:15:25+08:00 ] ::1 /newSpaperSystem/Application/Home/View/public/css/fonts/zenicon.ttf?v=2.2.0
INFO: [ app_init ] --START--
INFO: Run Behavior\BuildLiteBehavior [ RunTime:0.000031s ]
INFO: [ app_init ] --END-- [ RunTime:0.000845s ]
ERR: 无法加载模块:Application

[ 2016-11-19T07:15:26+08:00 ] ::1 /newSpaperSystem/Application/Home/View/public/css/fonts/zenicon.woff?v=2.2.0
INFO: [ app_init ] --START--
INFO: Run Behavior\BuildLiteBehavior [ RunTime:0.000046s ]
INFO: [ app_init ] --END-- [ RunTime:0.002061s ]
ERR: 无法加载模块:Application

[ 2016-11-19T07:15:26+08:00 ] ::1 /newSpaperSystem/Application/Home/View/public/css/fonts/zenicon.ttf?v=2.2.0
INFO: [ app_init ] --START--
INFO: Run Behavior\BuildLiteBehavior [ RunTime:0.000032s ]
INFO: [ app_init ] --END-- [ RunTime:0.001164s ]
ERR: 无法加载模块:Application

[ 2016-11-19T07:15:53+08:00 ] ::1 /newSpaperSystem/Application/Home/View/public/css/fonts/zenicon.woff?v=2.2.0
INFO: [ app_init ] --START--
INFO: Run Behavior\BuildLiteBehavior [ RunTime:0.000036s ]
INFO: [ app_init ] --END-- [ RunTime:0.001770s ]
ERR: 无法加载模块:Application

[ 2016-11-19T07:15:53+08:00 ] ::1 /newSpaperSystem/Application/Home/View/public/css/fonts/zenicon.ttf?v=2.2.0
INFO: [ app_init ] --START--
INFO: Run Behavior\BuildLiteBehavior [ RunTime:0.000016s ]
INFO: [ app_init ] --END-- [ RunTime:0.000436s ]
ERR: 无法加载模块:Application

[ 2016-11-19T07:16:18+08:00 ] ::1 /newSpaperSystem/Application/Home/View/public/css/fonts/zenicon.woff?v=2.2.0
INFO: [ app_init ] --START--
INFO: Run Behavior\BuildLiteBehavior [ RunTime:0.000031s ]
INFO: [ app_init ] --END-- [ RunTime:0.000836s ]
ERR: 无法加载模块:Application

[ 2016-11-19T07:16:18+08:00 ] ::1 /newSpaperSystem/Application/Home/View/public/css/fonts/zenicon.ttf?v=2.2.0
INFO: [ app_init ] --START--
INFO: Run Behavior\BuildLiteBehavior [ RunTime:0.000017s ]
INFO: [ app_init ] --END-- [ RunTime:0.000453s ]
ERR: 无法加载模块:Application

[ 2016-11-19T07:16:35+08:00 ] ::1 /newSpaperSystem/Application/Home/View/public/css/fonts/zenicon.woff?v=2.2.0
INFO: [ app_init ] --START--
INFO: Run Behavior\BuildLiteBehavior [ RunTime:0.000026s ]
INFO: [ app_init ] --END-- [ RunTime:0.000787s ]
ERR: 无法加载模块:Application

[ 2016-11-19T07:16:35+08:00 ] ::1 /newSpaperSystem/Application/Home/View/public/css/fonts/zenicon.ttf?v=2.2.0
INFO: [ app_init ] --START--
INFO: Run Behavior\BuildLiteBehavior [ RunTime:0.000018s ]
INFO: [ app_init ] --END-- [ RunTime:0.000453s ]
ERR: 无法加载模块:Application

[ 2016-11-19T07:18:06+08:00 ] ::1 /newSpaperSystem/Application/Home/View/public/css/Login/__ROOT__/Application/Home/View/public/img/rebc.gif
INFO: [ app_init ] --START--
INFO: Run Behavior\BuildLiteBehavior [ RunTime:0.000024s ]
INFO: [ app_init ] --END-- [ RunTime:0.000596s ]
ERR: 无法加载模块:Application

[ 2016-11-19T07:18:06+08:00 ] ::1 /newSpaperSystem/Application/Home/View/public/css/Login/__ROOT__/Application/Home/View/public/img/weixin1.png
INFO: [ app_init ] --START--
INFO: Run Behavior\BuildLiteBehavior [ RunTime:0.000056s ]
INFO: [ app_init ] --END-- [ RunTime:0.000657s ]
ERR: 无法加载模块:Application

[ 2016-11-19T07:18:06+08:00 ] ::1 /newSpaperSystem/Application/Home/View/public/css/Login/__ROOT__/Application/Home/View/public/img/QQ1.png
INFO: [ app_init ] --START--
INFO: Run Behavior\BuildLiteBehavior [ RunTime:0.000024s ]
INFO: [ app_init ] --END-- [ RunTime:0.000642s ]
ERR: 无法加载模块:Application

[ 2016-11-19T07:18:06+08:00 ] ::1 /newSpaperSystem/Application/Home/View/public/css/Login/__ROOT__/Application/Home/View/public/img/weibo1.png
INFO: [ app_init ] --START--
INFO: Run Behavior\BuildLiteBehavior [ RunTime:0.000271s ]
INFO: [ app_init ] --END-- [ RunTime:0.001421s ]
ERR: 无法加载模块:Application

[ 2016-11-19T07:18:06+08:00 ] ::1 /newSpaperSystem/Application/Home/View/public/css/fonts/zenicon.woff?v=2.2.0
INFO: [ app_init ] --START--
INFO: Run Behavior\BuildLiteBehavior [ RunTime:0.000032s ]
INFO: [ app_init ] --END-- [ RunTime:0.000804s ]
ERR: 无法加载模块:Application

[ 2016-11-19T07:18:06+08:00 ] ::1 /newSpaperSystem/Application/Home/View/public/css/fonts/zenicon.ttf?v=2.2.0
INFO: [ app_init ] --START--
INFO: Run Behavior\BuildLiteBehavior [ RunTime:0.000018s ]
INFO: [ app_init ] --END-- [ RunTime:0.000532s ]
ERR: 无法加载模块:Application

[ 2016-11-19T07:18:07+08:00 ] ::1 /newSpaperSystem/Application/Home/View/public/css/Login/__ROOT__/Application/Home/View/public/img/QQ.png
INFO: [ app_init ] --START--
INFO: Run Behavior\BuildLiteBehavior [ RunTime:0.000020s ]
INFO: [ app_init ] --END-- [ RunTime:0.000596s ]
ERR: 无法加载模块:Application

[ 2016-11-19T07:18:14+08:00 ] ::1 /newSpaperSystem/Application/Home/View/public/css/Login/__ROOT__/Application/Home/View/public/img/QQ1.png
INFO: [ app_init ] --START--
INFO: Run Behavior\BuildLiteBehavior [ RunTime:0.000026s ]
INFO: [ app_init ] --END-- [ RunTime:0.000877s ]
ERR: 无法加载模块:Application

[ 2016-11-19T07:18:14+08:00 ] ::1 /newSpaperSystem/Application/Home/View/public/css/Login/__ROOT__/Application/Home/View/public/img/weibo1.png
INFO: [ app_init ] --START--
INFO: Run Behavior\BuildLiteBehavior [ RunTime:0.000019s ]
INFO: [ app_init ] --END-- [ RunTime:0.000501s ]
ERR: 无法加载模块:Application

[ 2016-11-19T07:18:14+08:00 ] ::1 /newSpaperSystem/Application/Home/View/public/css/Login/__ROOT__/Application/Home/View/public/img/rebc.gif
INFO: [ app_init ] --START--
INFO: Run Behavior\BuildLiteBehavior [ RunTime:0.000022s ]
INFO: [ app_init ] --END-- [ RunTime:0.000639s ]
ERR: 无法加载模块:Application

[ 2016-11-19T07:18:14+08:00 ] ::1 /newSpaperSystem/Application/Home/View/public/css/Login/__ROOT__/Application/Home/View/public/img/weixin1.png
INFO: [ app_init ] --START--
INFO: Run Behavior\BuildLiteBehavior [ RunTime:0.000138s ]
INFO: [ app_init ] --END-- [ RunTime:0.001195s ]
ERR: 无法加载模块:Application

[ 2016-11-19T07:18:14+08:00 ] ::1 /newSpaperSystem/Application/Home/View/public/css/fonts/zenicon.woff?v=2.2.0
INFO: [ app_init ] --START--
INFO: Run Behavior\BuildLiteBehavior [ RunTime:0.000016s ]
INFO: [ app_init ] --END-- [ RunTime:0.000460s ]
ERR: 无法加载模块:Application

[ 2016-11-19T07:18:14+08:00 ] ::1 /newSpaperSystem/Application/Home/View/public/css/fonts/zenicon.ttf?v=2.2.0
INFO: [ app_init ] --START--
INFO: Run Behavior\BuildLiteBehavior [ RunTime:0.000026s ]
INFO: [ app_init ] --END-- [ RunTime:0.000653s ]
ERR: 无法加载模块:Application

[ 2016-11-19T07:24:18+08:00 ] ::1 /newSpaperSystem/Application/Home/View/public/css/Login/__ROOT__/Application/Home/View/public/img/weixin1.png
INFO: [ app_init ] --START--
INFO: Run Behavior\BuildLiteBehavior [ RunTime:0.000025s ]
INFO: [ app_init ] --END-- [ RunTime:0.000646s ]
ERR: 无法加载模块:Application

[ 2016-11-19T07:24:18+08:00 ] ::1 /newSpaperSystem/Application/Home/View/public/css/Login/__ROOT__/Application/Home/View/public/img/weibo1.png
INFO: [ app_init ] --START--
INFO: Run Behavior\BuildLiteBehavior [ RunTime:0.000023s ]
INFO: [ app_init ] --END-- [ RunTime:0.000579s ]
ERR: 无法加载模块:Application

[ 2016-11-19T07:24:18+08:00 ] ::1 /newSpaperSystem/Application/Home/View/public/css/Login/__ROOT__/Application/Home/View/public/img/QQ1.png
INFO: [ app_init ] --START--
INFO: Run Behavior\BuildLiteBehavior [ RunTime:0.000026s ]
INFO: [ app_init ] --END-- [ RunTime:0.000768s ]
ERR: 无法加载模块:Application

[ 2016-11-19T07:24:18+08:00 ] ::1 /newSpaperSystem/Application/Home/View/public/css/Login/__ROOT__/Application/Home/View/public/img/rebc.gif
INFO: [ app_init ] --START--
INFO: Run Behavior\BuildLiteBehavior [ RunTime:0.000023s ]
INFO: [ app_init ] --END-- [ RunTime:0.000640s ]
ERR: 无法加载模块:Application

[ 2016-11-19T07:24:19+08:00 ] ::1 /newSpaperSystem/Application/Home/View/public/css/fonts/zenicon.woff?v=2.2.0
INFO: [ app_init ] --START--
INFO: Run Behavior\BuildLiteBehavior [ RunTime:0.000016s ]
INFO: [ app_init ] --END-- [ RunTime:0.000415s ]
ERR: 无法加载模块:Application

[ 2016-11-19T07:24:19+08:00 ] ::1 /newSpaperSystem/Application/Home/View/public/css/fonts/zenicon.ttf?v=2.2.0
INFO: [ app_init ] --START--
INFO: Run Behavior\BuildLiteBehavior [ RunTime:0.000017s ]
INFO: [ app_init ] --END-- [ RunTime:0.000565s ]
ERR: 无法加载模块:Application

[ 2016-11-19T07:39:15+08:00 ] ::1 /newSpaperSystem/Application/Home/View/public/css/fonts/zenicon.woff?v=2.2.0
INFO: [ app_init ] --START--
INFO: Run Behavior\BuildLiteBehavior [ RunTime:0.000033s ]
INFO: [ app_init ] --END-- [ RunTime:0.000786s ]
ERR: 无法加载模块:Application

[ 2016-11-19T07:39:15+08:00 ] ::1 /newSpaperSystem/Application/Home/View/public/css/fonts/zenicon.ttf?v=2.2.0
INFO: [ app_init ] --START--
INFO: Run Behavior\BuildLiteBehavior [ RunTime:0.000057s ]
INFO: [ app_init ] --END-- [ RunTime:0.001309s ]
ERR: 无法加载模块:Application

[ 2016-11-19T07:39:30+08:00 ] ::1 /newSpaperSystem/Application/Home/View/public/css/fonts/zenicon.woff?v=2.2.0
INFO: [ app_init ] --START--
INFO: Run Behavior\BuildLiteBehavior [ RunTime:0.000029s ]
INFO: [ app_init ] --END-- [ RunTime:0.000672s ]
ERR: 无法加载模块:Application

[ 2016-11-19T07:39:31+08:00 ] ::1 /newSpaperSystem/Application/Home/View/public/css/fonts/zenicon.ttf?v=2.2.0
INFO: [ app_init ] --START--
INFO: Run Behavior\BuildLiteBehavior [ RunTime:0.000026s ]
INFO: [ app_init ] --END-- [ RunTime:0.000620s ]
ERR: 无法加载模块:Application

[ 2016-11-19T07:49:20+08:00 ] ::1 /newSpaperSystem/Application/Home/View/public/css/fonts/zenicon.woff?v=2.2.0
INFO: [ app_init ] --START--
INFO: Run Behavior\BuildLiteBehavior [ RunTime:0.000042s ]
INFO: [ app_init ] --END-- [ RunTime:0.001073s ]
ERR: 无法加载模块:Application

[ 2016-11-19T07:49:20+08:00 ] ::1 /newSpaperSystem/Application/Home/View/public/css/fonts/zenicon.ttf?v=2.2.0
INFO: [ app_init ] --START--
INFO: Run Behavior\BuildLiteBehavior [ RunTime:0.000030s ]
INFO: [ app_init ] --END-- [ RunTime:0.000837s ]
ERR: 无法加载模块:Application

[ 2016-11-19T07:49:38+08:00 ] ::1 /newSpaperSystem/Application/Home/View/public/css/img/icon_gengduo1.png
INFO: [ app_init ] --START--
INFO: Run Behavior\BuildLiteBehavior [ RunTime:0.000039s ]
INFO: [ app_init ] --END-- [ RunTime:0.001114s ]
ERR: 无法加载模块:Application

[ 2016-11-19T07:49:38+08:00 ] ::1 /newSpaperSystem/Application/Home/View/public/css/fonts/zenicon.woff?v=2.2.0
INFO: [ app_init ] --START--
INFO: Run Behavior\BuildLiteBehavior [ RunTime:0.000059s ]
INFO: [ app_init ] --END-- [ RunTime:0.000917s ]
ERR: 无法加载模块:Application

[ 2016-11-19T07:49:39+08:00 ] ::1 /newSpaperSystem/Application/Home/View/public/css/fonts/zenicon.ttf?v=2.2.0
INFO: [ app_init ] --START--
INFO: Run Behavior\BuildLiteBehavior [ RunTime:0.000043s ]
INFO: [ app_init ] --END-- [ RunTime:0.000826s ]
ERR: 无法加载模块:Application

[ 2016-11-19T07:49:48+08:00 ] ::1 /newSpaperSystem/Application/Home/View/public/css/images/nohpro.png
INFO: [ app_init ] --START--
INFO: Run Behavior\BuildLiteBehavior [ RunTime:0.000036s ]
INFO: [ app_init ] --END-- [ RunTime:0.002931s ]
ERR: 无法加载模块:Application

[ 2016-11-19T07:49:48+08:00 ] ::1 /newSpaperSystem/Application/Home/View/public/css/fonts/zenicon.woff?v=2.2.0
INFO: [ app_init ] --START--
INFO: Run Behavior\BuildLiteBehavior [ RunTime:0.000020s ]
INFO: [ app_init ] --END-- [ RunTime:0.001637s ]
ERR: 无法加载模块:Application

[ 2016-11-19T07:49:48+08:00 ] ::1 /newSpaperSystem/Application/Home/View/public/css/fonts/zenicon.ttf?v=2.2.0
INFO: [ app_init ] --START--
INFO: Run Behavior\BuildLiteBehavior [ RunTime:0.000020s ]
INFO: [ app_init ] --END-- [ RunTime:0.000551s ]
ERR: 无法加载模块:Application

[ 2016-11-19T07:49:53+08:00 ] ::1 /newSpaperSystem/Application/Home/View/public/css/fonts/zenicon.woff?v=2.2.0
INFO: [ app_init ] --START--
INFO: Run Behavior\BuildLiteBehavior [ RunTime:0.000020s ]
INFO: [ app_init ] --END-- [ RunTime:0.001479s ]
ERR: 无法加载模块:Application

[ 2016-11-19T07:49:54+08:00 ] ::1 /newSpaperSystem/Application/Home/View/public/css/fonts/zenicon.ttf?v=2.2.0
INFO: [ app_init ] --START--
INFO: Run Behavior\BuildLiteBehavior [ RunTime:0.000014s ]
INFO: [ app_init ] --END-- [ RunTime:0.000480s ]
ERR: 无法加载模块:Application

[ 2016-11-19T07:49:57+08:00 ] ::1 /newSpaperSystem/Application/Home/View/public/css/fonts/zenicon.woff?v=2.2.0
INFO: [ app_init ] --START--
INFO: Run Behavior\BuildLiteBehavior [ RunTime:0.000033s ]
INFO: [ app_init ] --END-- [ RunTime:0.000944s ]
ERR: 无法加载模块:Application

[ 2016-11-19T07:49:57+08:00 ] ::1 /newSpaperSystem/Application/Home/View/public/css/fonts/zenicon.ttf?v=2.2.0
INFO: [ app_init ] --START--
INFO: Run Behavior\BuildLiteBehavior [ RunTime:0.000028s ]
INFO: [ app_init ] --END-- [ RunTime:0.001124s ]
ERR: 无法加载模块:Application

[ 2016-11-19T07:50:01+08:00 ] ::1 /newSpaperSystem/Application/Home/View/public/css/fonts/zenicon.woff?v=2.2.0
INFO: [ app_init ] --START--
INFO: Run Behavior\BuildLiteBehavior [ RunTime:0.000016s ]
INFO: [ app_init ] --END-- [ RunTime:0.000445s ]
ERR: 无法加载模块:Application

[ 2016-11-19T07:50:01+08:00 ] ::1 /newSpaperSystem/Application/Home/View/public/css/fonts/zenicon.ttf?v=2.2.0
INFO: [ app_init ] --START--
INFO: Run Behavior\BuildLiteBehavior [ RunTime:0.000034s ]
INFO: [ app_init ] --END-- [ RunTime:0.000470s ]
ERR: 无法加载模块:Application

[ 2016-11-19T07:50:09+08:00 ] ::1 /newSpaperSystem/Application/Home/View/public/css/fonts/zenicon.woff?v=2.2.0
INFO: [ app_init ] --START--
INFO: Run Behavior\BuildLiteBehavior [ RunTime:0.000020s ]
INFO: [ app_init ] --END-- [ RunTime:0.000664s ]
ERR: 无法加载模块:Application

[ 2016-11-19T07:50:09+08:00 ] ::1 /newSpaperSystem/Application/Home/View/public/css/fonts/zenicon.ttf?v=2.2.0
INFO: [ app_init ] --START--
INFO: Run Behavior\BuildLiteBehavior [ RunTime:0.000099s ]
INFO: [ app_init ] --END-- [ RunTime:0.001836s ]
ERR: 无法加载模块:Application

[ 2016-11-19T07:50:21+08:00 ] ::1 /newSpaperSystem/Application/Home/View/public/css/fonts/zenicon.woff?v=2.2.0
INFO: [ app_init ] --START--
INFO: Run Behavior\BuildLiteBehavior [ RunTime:0.000023s ]
INFO: [ app_init ] --END-- [ RunTime:0.000723s ]
ERR: 无法加载模块:Application

[ 2016-11-19T07:50:21+08:00 ] ::1 /newSpaperSystem/Application/Home/View/public/css/fonts/zenicon.ttf?v=2.2.0
INFO: [ app_init ] --START--
INFO: Run Behavior\BuildLiteBehavior [ RunTime:0.000109s ]
INFO: [ app_init ] --END-- [ RunTime:0.001703s ]
ERR: 无法加载模块:Application

[ 2016-11-19T08:00:40+08:00 ] ::1 /newSpaperSystem/Application/Home/View/public/css/fonts/zenicon.woff?v=2.2.0
INFO: [ app_init ] --START--
INFO: Run Behavior\BuildLiteBehavior [ RunTime:0.000023s ]
INFO: [ app_init ] --END-- [ RunTime:0.000665s ]
ERR: 无法加载模块:Application

[ 2016-11-19T08:00:40+08:00 ] ::1 /newSpaperSystem/Application/Home/View/public/css/fonts/zenicon.ttf?v=2.2.0
INFO: [ app_init ] --START--
INFO: Run Behavior\BuildLiteBehavior [ RunTime:0.000033s ]
INFO: [ app_init ] --END-- [ RunTime:0.001216s ]
ERR: 无法加载模块:Application

[ 2016-11-19T08:00:42+08:00 ] ::1 /newSpaperSystem/Application/Home/View/public/css/fonts/zenicon.woff?v=2.2.0
INFO: [ app_init ] --START--
INFO: Run Behavior\BuildLiteBehavior [ RunTime:0.000025s ]
INFO: [ app_init ] --END-- [ RunTime:0.001662s ]
ERR: 无法加载模块:Application

[ 2016-11-19T08:00:43+08:00 ] ::1 /newSpaperSystem/Application/Home/View/public/css/fonts/zenicon.ttf?v=2.2.0
INFO: [ app_init ] --START--
INFO: Run Behavior\BuildLiteBehavior [ RunTime:0.000044s ]
INFO: [ app_init ] --END-- [ RunTime:0.000912s ]
ERR: 无法加载模块:Application

[ 2016-11-19T08:07:34+08:00 ] ::1 /newSpaperSystem/Application/Home/View/public/css/fonts/zenicon.woff?v=2.2.0
INFO: [ app_init ] --START--
INFO: Run Behavior\BuildLiteBehavior [ RunTime:0.000018s ]
INFO: [ app_init ] --END-- [ RunTime:0.000520s ]
ERR: 无法加载模块:Application

[ 2016-11-19T08:07:34+08:00 ] ::1 /newSpaperSystem/Application/Home/View/public/css/fonts/zenicon.ttf?v=2.2.0
INFO: [ app_init ] --START--
INFO: Run Behavior\BuildLiteBehavior [ RunTime:0.000016s ]
INFO: [ app_init ] --END-- [ RunTime:0.000439s ]
ERR: 无法加载模块:Application

[ 2016-11-19T08:09:30+08:00 ] ::1 /newSpaperSystem/Application/Home/View/public/css/fonts/zenicon.woff?v=2.2.0
INFO: [ app_init ] --START--
INFO: Run Behavior\BuildLiteBehavior [ RunTime:0.000035s ]
INFO: [ app_init ] --END-- [ RunTime:0.001305s ]
ERR: 无法加载模块:Application

[ 2016-11-19T08:09:30+08:00 ] ::1 /newSpaperSystem/Application/Home/View/public/css/fonts/zenicon.ttf?v=2.2.0
INFO: [ app_init ] --START--
INFO: Run Behavior\BuildLiteBehavior [ RunTime:0.000068s ]
INFO: [ app_init ] --END-- [ RunTime:0.001336s ]
ERR: 无法加载模块:Application

[ 2016-11-19T08:09:49+08:00 ] ::1 /newSpaperSystem/thesisshow.html
INFO: [ app_init ] --START--
INFO: Run Behavior\BuildLiteBehavior [ RunTime:0.000019s ]
INFO: [ app_init ] --END-- [ RunTime:0.001040s ]
ERR: 无法加载模块:Thesisshow

[ 2016-11-19T08:22:00+08:00 ] ::1 /newSpaperSystem/Application/Home/View/public/css/fonts/zenicon.woff?v=2.2.0
INFO: [ app_init ] --START--
INFO: Run Behavior\BuildLiteBehavior [ RunTime:0.000032s ]
INFO: [ app_init ] --END-- [ RunTime:0.000809s ]
ERR: 无法加载模块:Application

[ 2016-11-19T08:22:00+08:00 ] ::1 /newSpaperSystem/Application/Home/View/public/css/fonts/zenicon.ttf?v=2.2.0
INFO: [ app_init ] --START--
INFO: Run Behavior\BuildLiteBehavior [ RunTime:0.000023s ]
INFO: [ app_init ] --END-- [ RunTime:0.000734s ]
ERR: 无法加载模块:Application

[ 2016-11-19T08:22:02+08:00 ] ::1 /newSpaperSystem/Application/Home/View/public/css/fonts/zenicon.woff?v=2.2.0
INFO: [ app_init ] --START--
INFO: Run Behavior\BuildLiteBehavior [ RunTime:0.000034s ]
INFO: [ app_init ] --END-- [ RunTime:0.000832s ]
ERR: 无法加载模块:Application

[ 2016-11-19T08:22:02+08:00 ] ::1 /newSpaperSystem/Application/Home/View/public/css/fonts/zenicon.ttf?v=2.2.0
INFO: [ app_init ] --START--
INFO: Run Behavior\BuildLiteBehavior [ RunTime:0.000017s ]
INFO: [ app_init ] --END-- [ RunTime:0.000540s ]
ERR: 无法加载模块:Application

[ 2016-11-19T08:22:05+08:00 ] ::1 /newSpaperSystem/Application/Home/View/public/css/fonts/zenicon.woff?v=2.2.0
INFO: [ app_init ] --START--
INFO: Run Behavior\BuildLiteBehavior [ RunTime:0.000025s ]
INFO: [ app_init ] --END-- [ RunTime:0.000651s ]
ERR: 无法加载模块:Application

[ 2016-11-19T08:22:06+08:00 ] ::1 /newSpaperSystem/Application/Home/View/public/css/fonts/zenicon.ttf?v=2.2.0
INFO: [ app_init ] --START--
INFO: Run Behavior\BuildLiteBehavior [ RunTime:0.000026s ]
INFO: [ app_init ] --END-- [ RunTime:0.000850s ]
ERR: 无法加载模块:Application

[ 2016-11-19T08:22:08+08:00 ] ::1 /newSpaperSystem/Application/Home/View/public/css/fonts/zenicon.woff?v=2.2.0
INFO: [ app_init ] --START--
INFO: Run Behavior\BuildLiteBehavior [ RunTime:0.000024s ]
INFO: [ app_init ] --END-- [ RunTime:0.000536s ]
ERR: 无法加载模块:Application

[ 2016-11-19T08:22:08+08:00 ] ::1 /newSpaperSystem/Application/Home/View/public/css/fonts/zenicon.ttf?v=2.2.0
INFO: [ app_init ] --START--
INFO: Run Behavior\BuildLiteBehavior [ RunTime:0.000018s ]
INFO: [ app_init ] --END-- [ RunTime:0.000630s ]
ERR: 无法加载模块:Application

[ 2016-11-19T08:22:11+08:00 ] ::1 /newSpaperSystem/Application/Home/View/public/css/fonts/zenicon.woff?v=2.2.0
INFO: [ app_init ] --START--
INFO: Run Behavior\BuildLiteBehavior [ RunTime:0.000032s ]
INFO: [ app_init ] --END-- [ RunTime:0.000748s ]
ERR: 无法加载模块:Application

[ 2016-11-19T08:22:11+08:00 ] ::1 /newSpaperSystem/Application/Home/View/public/css/fonts/zenicon.ttf?v=2.2.0
INFO: [ app_init ] --START--
INFO: Run Behavior\BuildLiteBehavior [ RunTime:0.000020s ]
INFO: [ app_init ] --END-- [ RunTime:0.000449s ]
ERR: 无法加载模块:Application

[ 2016-11-19T08:22:26+08:00 ] ::1 /newSpaperSystem/Application/Home/View/public/css/fonts/zenicon.woff?v=2.2.0
INFO: [ app_init ] --START--
INFO: Run Behavior\BuildLiteBehavior [ RunTime:0.000027s ]
INFO: [ app_init ] --END-- [ RunTime:0.000726s ]
ERR: 无法加载模块:Application

[ 2016-11-19T08:22:26+08:00 ] ::1 /newSpaperSystem/Application/Home/View/public/css/fonts/zenicon.ttf?v=2.2.0
INFO: [ app_init ] --START--
INFO: Run Behavior\BuildLiteBehavior [ RunTime:0.000047s ]
INFO: [ app_init ] --END-- [ RunTime:0.001326s ]
ERR: 无法加载模块:Application

[ 2016-11-19T08:22:59+08:00 ] ::1 /newSpaperSystem/Application/Home/View/public/css/fonts/zenicon.woff?v=2.2.0
INFO: [ app_init ] --START--
INFO: Run Behavior\BuildLiteBehavior [ RunTime:0.000036s ]
INFO: [ app_init ] --END-- [ RunTime:0.001047s ]
ERR: 无法加载模块:Application

[ 2016-11-19T08:22:59+08:00 ] ::1 /newSpaperSystem/Application/Home/View/public/css/fonts/zenicon.ttf?v=2.2.0
INFO: [ app_init ] --START--
INFO: Run Behavior\BuildLiteBehavior [ RunTime:0.000030s ]
INFO: [ app_init ] --END-- [ RunTime:0.000739s ]
ERR: 无法加载模块:Application

[ 2016-11-19T08:25:11+08:00 ] ::1 /newSpaperSystem/Application/Home/View/public/css/fonts/zenicon.woff?v=2.2.0
INFO: [ app_init ] --START--
INFO: Run Behavior\BuildLiteBehavior [ RunTime:0.000023s ]
INFO: [ app_init ] --END-- [ RunTime:0.000465s ]
ERR: 无法加载模块:Application

[ 2016-11-19T08:25:11+08:00 ] ::1 /newSpaperSystem/Application/Home/View/public/css/fonts/zenicon.ttf?v=2.2.0
INFO: [ app_init ] --START--
INFO: Run Behavior\BuildLiteBehavior [ RunTime:0.000026s ]
INFO: [ app_init ] --END-- [ RunTime:0.000742s ]
ERR: 无法加载模块:Application

[ 2016-11-19T08:25:23+08:00 ] ::1 /newSpaperSystem/Application/Home/View/public/css/fonts/zenicon.woff?v=2.2.0
INFO: [ app_init ] --START--
INFO: Run Behavior\BuildLiteBehavior [ RunTime:0.000027s ]
INFO: [ app_init ] --END-- [ RunTime:0.000707s ]
ERR: 无法加载模块:Application

[ 2016-11-19T08:25:23+08:00 ] ::1 /newSpaperSystem/Application/Home/View/public/css/fonts/zenicon.ttf?v=2.2.0
INFO: [ app_init ] --START--
INFO: Run Behavior\BuildLiteBehavior [ RunTime:0.000026s ]
INFO: [ app_init ] --END-- [ RunTime:0.000720s ]
ERR: 无法加载模块:Application

[ 2016-11-19T08:28:07+08:00 ] ::1 /newSpaperSystem/Application/Home/View/public/css/fonts/zenicon.woff?v=2.2.0
INFO: [ app_init ] --START--
INFO: Run Behavior\BuildLiteBehavior [ RunTime:0.000025s ]
INFO: [ app_init ] --END-- [ RunTime:0.000657s ]
ERR: 无法加载模块:Application

[ 2016-11-19T08:28:07+08:00 ] ::1 /newSpaperSystem/Application/Home/View/public/css/fonts/zenicon.ttf?v=2.2.0
INFO: [ app_init ] --START--
INFO: Run Behavior\BuildLiteBehavior [ RunTime:0.000028s ]
INFO: [ app_init ] --END-- [ RunTime:0.000938s ]
ERR: 无法加载模块:Application

[ 2016-11-19T08:28:09+08:00 ] ::1 /newSpaperSystem/Application/Home/View/public/css/fonts/zenicon.woff?v=2.2.0
INFO: [ app_init ] --START--
INFO: Run Behavior\BuildLiteBehavior [ RunTime:0.000015s ]
INFO: [ app_init ] --END-- [ RunTime:0.000435s ]
ERR: 无法加载模块:Application

[ 2016-11-19T08:28:09+08:00 ] ::1 /newSpaperSystem/Application/Home/View/public/css/fonts/zenicon.ttf?v=2.2.0
INFO: [ app_init ] --START--
INFO: Run Behavior\BuildLiteBehavior [ RunTime:0.000030s ]
INFO: [ app_init ] --END-- [ RunTime:0.000959s ]
ERR: 无法加载模块:Application

[ 2016-11-19T08:28:10+08:00 ] ::1 /newSpaperSystem/Application/Home/View/public/css/fonts/zenicon.woff?v=2.2.0
INFO: [ app_init ] --START--
INFO: Run Behavior\BuildLiteBehavior [ RunTime:0.000025s ]
INFO: [ app_init ] --END-- [ RunTime:0.000690s ]
ERR: 无法加载模块:Application

[ 2016-11-19T08:28:10+08:00 ] ::1 /newSpaperSystem/Application/Home/View/public/css/fonts/zenicon.ttf?v=2.2.0
INFO: [ app_init ] --START--
INFO: Run Behavior\BuildLiteBehavior [ RunTime:0.000024s ]
INFO: [ app_init ] --END-- [ RunTime:0.000586s ]
ERR: 无法加载模块:Application

[ 2016-11-19T08:30:23+08:00 ] ::1 /newSpaperSystem/Application/Home/View/public/css/fonts/zenicon.woff?v=2.2.0
INFO: [ app_init ] --START--
INFO: Run Behavior\BuildLiteBehavior [ RunTime:0.000016s ]
INFO: [ app_init ] --END-- [ RunTime:0.000507s ]
ERR: 无法加载模块:Application

[ 2016-11-19T08:30:23+08:00 ] ::1 /newSpaperSystem/Application/Home/View/public/css/fonts/zenicon.ttf?v=2.2.0
INFO: [ app_init ] --START--
INFO: Run Behavior\BuildLiteBehavior [ RunTime:0.000028s ]
INFO: [ app_init ] --END-- [ RunTime:0.000658s ]
ERR: 无法加载模块:Application

[ 2016-11-19T08:30:25+08:00 ] ::1 /newSpaperSystem/Application/Home/View/public/css/fonts/zenicon.woff?v=2.2.0
INFO: [ app_init ] --START--
INFO: Run Behavior\BuildLiteBehavior [ RunTime:0.000025s ]
INFO: [ app_init ] --END-- [ RunTime:0.000570s ]
ERR: 无法加载模块:Application

[ 2016-11-19T08:30:25+08:00 ] ::1 /newSpaperSystem/Application/Home/View/public/css/fonts/zenicon.ttf?v=2.2.0
INFO: [ app_init ] --START--
INFO: Run Behavior\BuildLiteBehavior [ RunTime:0.000029s ]
INFO: [ app_init ] --END-- [ RunTime:0.000616s ]
ERR: 无法加载模块:Application

[ 2016-11-19T08:30:26+08:00 ] ::1 /newSpaperSystem/Application/Home/View/public/css/fonts/zenicon.woff?v=2.2.0
INFO: [ app_init ] --START--
INFO: Run Behavior\BuildLiteBehavior [ RunTime:0.000025s ]
INFO: [ app_init ] --END-- [ RunTime:0.000663s ]
ERR: 无法加载模块:Application

[ 2016-11-19T08:30:26+08:00 ] ::1 /newSpaperSystem/Application/Home/View/public/css/fonts/zenicon.ttf?v=2.2.0
INFO: [ app_init ] --START--
INFO: Run Behavior\BuildLiteBehavior [ RunTime:0.000060s ]
INFO: [ app_init ] --END-- [ RunTime:0.001278s ]
ERR: 无法加载模块:Application

[ 2016-11-19T08:30:29+08:00 ] ::1 /newSpaperSystem/Application/Home/View/public/css/fonts/zenicon.woff?v=2.2.0
INFO: [ app_init ] --START--
INFO: Run Behavior\BuildLiteBehavior [ RunTime:0.000025s ]
INFO: [ app_init ] --END-- [ RunTime:0.000613s ]
ERR: 无法加载模块:Application

[ 2016-11-19T08:30:29+08:00 ] ::1 /newSpaperSystem/Application/Home/View/public/css/fonts/zenicon.ttf?v=2.2.0
INFO: [ app_init ] --START--
INFO: Run Behavior\BuildLiteBehavior [ RunTime:0.000018s ]
INFO: [ app_init ] --END-- [ RunTime:0.000548s ]
ERR: 无法加载模块:Application

[ 2016-11-19T08:33:03+08:00 ] ::1 /newSpaperSystem/Application/Home/View/public/css/fonts/zenicon.woff?v=2.2.0
INFO: [ app_init ] --START--
INFO: Run Behavior\BuildLiteBehavior [ RunTime:0.000031s ]
INFO: [ app_init ] --END-- [ RunTime:0.000627s ]
ERR: 无法加载模块:Application

[ 2016-11-19T08:33:03+08:00 ] ::1 /newSpaperSystem/Application/Home/View/public/css/fonts/zenicon.ttf?v=2.2.0
INFO: [ app_init ] --START--
INFO: Run Behavior\BuildLiteBehavior [ RunTime:0.000034s ]
INFO: [ app_init ] --END-- [ RunTime:0.001387s ]
ERR: 无法加载模块:Application

[ 2016-11-19T08:33:10+08:00 ] ::1 /newSpaperSystem/Application/Home/View/public/css/fonts/zenicon.woff?v=2.2.0
INFO: [ app_init ] --START--
INFO: Run Behavior\BuildLiteBehavior [ RunTime:0.000034s ]
INFO: [ app_init ] --END-- [ RunTime:0.000797s ]
ERR: 无法加载模块:Application

[ 2016-11-19T08:33:10+08:00 ] ::1 /newSpaperSystem/Application/Home/View/public/css/fonts/zenicon.ttf?v=2.2.0
INFO: [ app_init ] --START--
INFO: Run Behavior\BuildLiteBehavior [ RunTime:0.000022s ]
INFO: [ app_init ] --END-- [ RunTime:0.000451s ]
ERR: 无法加载模块:Application

[ 2016-11-19T08:33:14+08:00 ] ::1 /newSpaperSystem/Application/Home/View/public/css/fonts/zenicon.woff?v=2.2.0
INFO: [ app_init ] --START--
INFO: Run Behavior\BuildLiteBehavior [ RunTime:0.000026s ]
INFO: [ app_init ] --END-- [ RunTime:0.000716s ]
ERR: 无法加载模块:Application

[ 2016-11-19T08:33:14+08:00 ] ::1 /newSpaperSystem/Application/Home/View/public/css/fonts/zenicon.ttf?v=2.2.0
INFO: [ app_init ] --START--
INFO: Run Behavior\BuildLiteBehavior [ RunTime:0.000019s ]
INFO: [ app_init ] --END-- [ RunTime:0.000553s ]
ERR: 无法加载模块:Application

[ 2016-11-19T08:33:16+08:00 ] ::1 /newSpaperSystem/Application/Home/View/public/css/fonts/zenicon.woff?v=2.2.0
INFO: [ app_init ] --START--
INFO: Run Behavior\BuildLiteBehavior [ RunTime:0.000015s ]
INFO: [ app_init ] --END-- [ RunTime:0.000375s ]
ERR: 无法加载模块:Application

[ 2016-11-19T08:33:16+08:00 ] ::1 /newSpaperSystem/Application/Home/View/public/css/fonts/zenicon.ttf?v=2.2.0
INFO: [ app_init ] --START--
INFO: Run Behavior\BuildLiteBehavior [ RunTime:0.000016s ]
INFO: [ app_init ] --END-- [ RunTime:0.000383s ]
ERR: 无法加载模块:Application

[ 2016-11-19T08:38:27+08:00 ] ::1 /newSpaperSystem/Application/Home/View/public/css/fonts/zenicon.woff?v=2.2.0
INFO: [ app_init ] --START--
INFO: Run Behavior\BuildLiteBehavior [ RunTime:0.000017s ]
INFO: [ app_init ] --END-- [ RunTime:0.000640s ]
ERR: 无法加载模块:Application

[ 2016-11-19T08:38:27+08:00 ] ::1 /newSpaperSystem/Application/Home/View/public/css/fonts/zenicon.ttf?v=2.2.0
INFO: [ app_init ] --START--
INFO: Run Behavior\BuildLiteBehavior [ RunTime:0.000015s ]
INFO: [ app_init ] --END-- [ RunTime:0.000421s ]
ERR: 无法加载模块:Application

[ 2016-11-19T08:39:01+08:00 ] ::1 /newSpaperSystem/Application/Home/View/public/css/fonts/zenicon.woff?v=2.2.0
INFO: [ app_init ] --START--
INFO: Run Behavior\BuildLiteBehavior [ RunTime:0.000024s ]
INFO: [ app_init ] --END-- [ RunTime:0.001153s ]
ERR: 无法加载模块:Application

[ 2016-11-19T08:39:01+08:00 ] ::1 /newSpaperSystem/Application/Home/View/public/css/fonts/zenicon.ttf?v=2.2.0
INFO: [ app_init ] --START--
INFO: Run Behavior\BuildLiteBehavior [ RunTime:0.000016s ]
INFO: [ app_init ] --END-- [ RunTime:0.000412s ]
ERR: 无法加载模块:Application

[ 2016-11-19T08:41:54+08:00 ] ::1 /newSpaperSystem/Application/Home/View/public/css/fonts/zenicon.woff?v=2.2.0
INFO: [ app_init ] --START--
INFO: Run Behavior\BuildLiteBehavior [ RunTime:0.000162s ]
INFO: [ app_init ] --END-- [ RunTime:0.001684s ]
ERR: 无法加载模块:Application

[ 2016-11-19T08:41:54+08:00 ] ::1 /newSpaperSystem/Application/Home/View/public/css/fonts/zenicon.ttf?v=2.2.0
INFO: [ app_init ] --START--
INFO: Run Behavior\BuildLiteBehavior [ RunTime:0.000028s ]
INFO: [ app_init ] --END-- [ RunTime:0.000652s ]
ERR: 无法加载模块:Application

[ 2016-11-19T08:42:52+08:00 ] ::1 /newSpaperSystem/Application/Home/View/public/css/fonts/zenicon.woff?v=2.2.0
INFO: [ app_init ] --START--
INFO: Run Behavior\BuildLiteBehavior [ RunTime:0.000027s ]
INFO: [ app_init ] --END-- [ RunTime:0.000648s ]
ERR: 无法加载模块:Application

[ 2016-11-19T08:42:52+08:00 ] ::1 /newSpaperSystem/Application/Home/View/public/css/fonts/zenicon.ttf?v=2.2.0
INFO: [ app_init ] --START--
INFO: Run Behavior\BuildLiteBehavior [ RunTime:0.000023s ]
INFO: [ app_init ] --END-- [ RunTime:0.000692s ]
ERR: 无法加载模块:Application

[ 2016-11-19T08:44:44+08:00 ] ::1 /newSpaperSystem/Application/Home/View/public/css/fonts/zenicon.woff?v=2.2.0
INFO: [ app_init ] --START--
INFO: Run Behavior\BuildLiteBehavior [ RunTime:0.000029s ]
INFO: [ app_init ] --END-- [ RunTime:0.000727s ]
ERR: 无法加载模块:Application

[ 2016-11-19T08:44:44+08:00 ] ::1 /newSpaperSystem/Application/Home/View/public/css/fonts/zenicon.ttf?v=2.2.0
INFO: [ app_init ] --START--
INFO: Run Behavior\BuildLiteBehavior [ RunTime:0.000029s ]
INFO: [ app_init ] --END-- [ RunTime:0.000609s ]
ERR: 无法加载模块:Application

[ 2016-11-19T08:45:20+08:00 ] ::1 /newSpaperSystem/Application/Home/View/public/css/fonts/zenicon.woff?v=2.2.0
INFO: [ app_init ] --START--
INFO: Run Behavior\BuildLiteBehavior [ RunTime:0.000031s ]
INFO: [ app_init ] --END-- [ RunTime:0.000553s ]
ERR: 无法加载模块:Application

[ 2016-11-19T08:45:20+08:00 ] ::1 /newSpaperSystem/Application/Home/View/public/css/fonts/zenicon.ttf?v=2.2.0
INFO: [ app_init ] --START--
INFO: Run Behavior\BuildLiteBehavior [ RunTime:0.000036s ]
INFO: [ app_init ] --END-- [ RunTime:0.000860s ]
ERR: 无法加载模块:Application

[ 2016-11-19T08:46:30+08:00 ] ::1 /newSpaperSystem/Application/Home/View/public/css/fonts/zenicon.woff?v=2.2.0
INFO: [ app_init ] --START--
INFO: Run Behavior\BuildLiteBehavior [ RunTime:0.000027s ]
INFO: [ app_init ] --END-- [ RunTime:0.000725s ]
ERR: 无法加载模块:Application

[ 2016-11-19T08:46:30+08:00 ] ::1 /newSpaperSystem/Application/Home/View/public/css/fonts/zenicon.ttf?v=2.2.0
INFO: [ app_init ] --START--
INFO: Run Behavior\BuildLiteBehavior [ RunTime:0.000046s ]
INFO: [ app_init ] --END-- [ RunTime:0.001145s ]
ERR: 无法加载模块:Application

[ 2016-11-19T08:47:43+08:00 ] ::1 /newSpaperSystem/Application/Home/View/public/css/fonts/zenicon.woff?v=2.2.0
INFO: [ app_init ] --START--
INFO: Run Behavior\BuildLiteBehavior [ RunTime:0.000028s ]
INFO: [ app_init ] --END-- [ RunTime:0.000732s ]
ERR: 无法加载模块:Application

[ 2016-11-19T08:47:43+08:00 ] ::1 /newSpaperSystem/Application/Home/View/public/css/fonts/zenicon.ttf?v=2.2.0
INFO: [ app_init ] --START--
INFO: Run Behavior\BuildLiteBehavior [ RunTime:0.000019s ]
INFO: [ app_init ] --END-- [ RunTime:0.000492s ]
ERR: 无法加载模块:Application

[ 2016-11-19T08:49:16+08:00 ] ::1 /newSpaperSystem/Application/Home/View/public/css/fonts/zenicon.woff?v=2.2.0
INFO: [ app_init ] --START--
INFO: Run Behavior\BuildLiteBehavior [ RunTime:0.000028s ]
INFO: [ app_init ] --END-- [ RunTime:0.000703s ]
ERR: 无法加载模块:Application

[ 2016-11-19T08:49:16+08:00 ] ::1 /newSpaperSystem/Application/Home/View/public/css/fonts/zenicon.ttf?v=2.2.0
INFO: [ app_init ] --START--
INFO: Run Behavior\BuildLiteBehavior [ RunTime:0.000027s ]
INFO: [ app_init ] --END-- [ RunTime:0.000610s ]
ERR: 无法加载模块:Application

[ 2016-11-19T08:49:57+08:00 ] ::1 /newSpaperSystem/Application/Home/View/public/css/fonts/zenicon.woff?v=2.2.0
INFO: [ app_init ] --START--
INFO: Run Behavior\BuildLiteBehavior [ RunTime:0.000027s ]
INFO: [ app_init ] --END-- [ RunTime:0.000676s ]
ERR: 无法加载模块:Application

[ 2016-11-19T08:49:57+08:00 ] ::1 /newSpaperSystem/Application/Home/View/public/css/fonts/zenicon.ttf?v=2.2.0
INFO: [ app_init ] --START--
INFO: Run Behavior\BuildLiteBehavior [ RunTime:0.000026s ]
INFO: [ app_init ] --END-- [ RunTime:0.000659s ]
ERR: 无法加载模块:Application

[ 2016-11-19T08:50:30+08:00 ] ::1 /newSpaperSystem/Application/Home/View/public/css/fonts/zenicon.woff?v=2.2.0
INFO: [ app_init ] --START--
INFO: Run Behavior\BuildLiteBehavior [ RunTime:0.000025s ]
INFO: [ app_init ] --END-- [ RunTime:0.000704s ]
ERR: 无法加载模块:Application

[ 2016-11-19T08:50:30+08:00 ] ::1 /newSpaperSystem/Application/Home/View/public/css/fonts/zenicon.ttf?v=2.2.0
INFO: [ app_init ] --START--
INFO: Run Behavior\BuildLiteBehavior [ RunTime:0.000015s ]
INFO: [ app_init ] --END-- [ RunTime:0.000404s ]
ERR: 无法加载模块:Application

[ 2016-11-19T08:51:14+08:00 ] ::1 /newSpaperSystem/Application/Home/View/public/css/fonts/zenicon.woff?v=2.2.0
INFO: [ app_init ] --START--
INFO: Run Behavior\BuildLiteBehavior [ RunTime:0.000034s ]
INFO: [ app_init ] --END-- [ RunTime:0.001261s ]
ERR: 无法加载模块:Application

[ 2016-11-19T08:51:14+08:00 ] ::1 /newSpaperSystem/Application/Home/View/public/css/fonts/zenicon.ttf?v=2.2.0
INFO: [ app_init ] --START--
INFO: Run Behavior\BuildLiteBehavior [ RunTime:0.000048s ]
INFO: [ app_init ] --END-- [ RunTime:0.000766s ]
ERR: 无法加载模块:Application

[ 2016-11-19T08:51:22+08:00 ] ::1 /newSpaperSystem/Application/Home/View/public/css/fonts/zenicon.woff?v=2.2.0
INFO: [ app_init ] --START--
INFO: Run Behavior\BuildLiteBehavior [ RunTime:0.000031s ]
INFO: [ app_init ] --END-- [ RunTime:0.000930s ]
ERR: 无法加载模块:Application

[ 2016-11-19T08:51:22+08:00 ] ::1 /newSpaperSystem/Application/Home/View/public/css/fonts/zenicon.ttf?v=2.2.0
INFO: [ app_init ] --START--
INFO: Run Behavior\BuildLiteBehavior [ RunTime:0.000017s ]
INFO: [ app_init ] --END-- [ RunTime:0.000527s ]
ERR: 无法加载模块:Application

[ 2016-11-19T08:51:36+08:00 ] ::1 /newSpaperSystem/Application/Home/View/public/css/fonts/zenicon.woff?v=2.2.0
INFO: [ app_init ] --START--
INFO: Run Behavior\BuildLiteBehavior [ RunTime:0.000031s ]
INFO: [ app_init ] --END-- [ RunTime:0.000943s ]
ERR: 无法加载模块:Application

[ 2016-11-19T08:51:36+08:00 ] ::1 /newSpaperSystem/Application/Home/View/public/css/fonts/zenicon.ttf?v=2.2.0
INFO: [ app_init ] --START--
INFO: Run Behavior\BuildLiteBehavior [ RunTime:0.000027s ]
INFO: [ app_init ] --END-- [ RunTime:0.000692s ]
ERR: 无法加载模块:Application

[ 2016-11-19T08:51:49+08:00 ] ::1 /newSpaperSystem/Application/Home/View/public/css/fonts/zenicon.woff?v=2.2.0
INFO: [ app_init ] --START--
INFO: Run Behavior\BuildLiteBehavior [ RunTime:0.000016s ]
INFO: [ app_init ] --END-- [ RunTime:0.000455s ]
ERR: 无法加载模块:Application

[ 2016-11-19T08:51:49+08:00 ] ::1 /newSpaperSystem/Application/Home/View/public/css/fonts/zenicon.ttf?v=2.2.0
INFO: [ app_init ] --START--
INFO: Run Behavior\BuildLiteBehavior [ RunTime:0.000018s ]
INFO: [ app_init ] --END-- [ RunTime:0.000448s ]
ERR: 无法加载模块:Application

[ 2016-11-19T08:52:34+08:00 ] ::1 /newSpaperSystem/Application/Home/View/public/css/fonts/zenicon.woff?v=2.2.0
INFO: [ app_init ] --START--
INFO: Run Behavior\BuildLiteBehavior [ RunTime:0.000028s ]
INFO: [ app_init ] --END-- [ RunTime:0.000816s ]
ERR: 无法加载模块:Application

[ 2016-11-19T08:52:34+08:00 ] ::1 /newSpaperSystem/Application/Home/View/public/css/fonts/zenicon.ttf?v=2.2.0
INFO: [ app_init ] --START--
INFO: Run Behavior\BuildLiteBehavior [ RunTime:0.000026s ]
INFO: [ app_init ] --END-- [ RunTime:0.000798s ]
ERR: 无法加载模块:Application

[ 2016-11-19T08:52:43+08:00 ] ::1 /newSpaperSystem/Application/Home/View/public/css/fonts/zenicon.woff?v=2.2.0
INFO: [ app_init ] --START--
INFO: Run Behavior\BuildLiteBehavior [ RunTime:0.000027s ]
INFO: [ app_init ] --END-- [ RunTime:0.000744s ]
ERR: 无法加载模块:Application

[ 2016-11-19T08:52:43+08:00 ] ::1 /newSpaperSystem/Application/Home/View/public/css/fonts/zenicon.ttf?v=2.2.0
INFO: [ app_init ] --START--
INFO: Run Behavior\BuildLiteBehavior [ RunTime:0.000028s ]
INFO: [ app_init ] --END-- [ RunTime:0.000888s ]
ERR: 无法加载模块:Application

