[ 2016-11-17T20:50:43+08:00 ] ::1 /newSpaperSystem/Application/Home/View/public/css/fonts/zenicon.woff?v=2.2.0
INFO: [ app_init ] --START--
INFO: Run Behavior\BuildLiteBehavior [ RunTime:0.000029s ]
INFO: [ app_init ] --END-- [ RunTime:0.000665s ]
ERR: 无法加载模块:Application

[ 2016-11-17T20:50:44+08:00 ] ::1 /newSpaperSystem/Application/Home/View/public/css/fonts/zenicon.ttf?v=2.2.0
INFO: [ app_init ] --START--
INFO: Run Behavior\BuildLiteBehavior [ RunTime:0.000031s ]
INFO: [ app_init ] --END-- [ RunTime:0.000631s ]
ERR: 无法加载模块:Application

[ 2016-11-17T21:10:36+08:00 ] ::1 /newSpaperSystem/Application/Home/View/public/css/fonts/zenicon.woff?v=2.2.0
INFO: [ app_init ] --START--
INFO: Run Behavior\BuildLiteBehavior [ RunTime:0.000016s ]
INFO: [ app_init ] --END-- [ RunTime:0.000445s ]
ERR: 无法加载模块:Application

[ 2016-11-17T21:10:36+08:00 ] ::1 /newSpaperSystem/Application/Home/View/public/css/fonts/zenicon.ttf?v=2.2.0
INFO: [ app_init ] --START--
INFO: Run Behavior\BuildLiteBehavior [ RunTime:0.000032s ]
INFO: [ app_init ] --END-- [ RunTime:0.000874s ]
ERR: 无法加载模块:Application

[ 2016-11-17T21:11:04+08:00 ] ::1 /newSpaperSystem/Application/Home/View/public/css/fonts/zenicon.woff?v=2.2.0
INFO: [ app_init ] --START--
INFO: Run Behavior\BuildLiteBehavior [ RunTime:0.000028s ]
INFO: [ app_init ] --END-- [ RunTime:0.000843s ]
ERR: 无法加载模块:Application

[ 2016-11-17T21:11:04+08:00 ] ::1 /newSpaperSystem/Application/Home/View/public/css/fonts/zenicon.ttf?v=2.2.0
INFO: [ app_init ] --START--
INFO: Run Behavior\BuildLiteBehavior [ RunTime:0.000028s ]
INFO: [ app_init ] --END-- [ RunTime:0.000525s ]
ERR: 无法加载模块:Application

[ 2016-11-17T21:12:41+08:00 ] ::1 /newSpaperSystem/Application/Home/View/public/css/fonts/zenicon.woff?v=2.2.0
INFO: [ app_init ] --START--
INFO: Run Behavior\BuildLiteBehavior [ RunTime:0.000017s ]
INFO: [ app_init ] --END-- [ RunTime:0.000434s ]
ERR: 无法加载模块:Application

[ 2016-11-17T21:12:41+08:00 ] ::1 /newSpaperSystem/Application/Home/View/public/css/fonts/zenicon.ttf?v=2.2.0
INFO: [ app_init ] --START--
INFO: Run Behavior\BuildLiteBehavior [ RunTime:0.000027s ]
INFO: [ app_init ] --END-- [ RunTime:0.000712s ]
ERR: 无法加载模块:Application

[ 2016-11-17T21:12:46+08:00 ] ::1 /newSpaperSystem/Application/Home/View/public/css/fonts/zenicon.woff?v=2.2.0
INFO: [ app_init ] --START--
INFO: Run Behavior\BuildLiteBehavior [ RunTime:0.000041s ]
INFO: [ app_init ] --END-- [ RunTime:0.001517s ]
ERR: 无法加载模块:Application

[ 2016-11-17T21:12:46+08:00 ] ::1 /newSpaperSystem/Application/Home/View/public/css/fonts/zenicon.ttf?v=2.2.0
INFO: [ app_init ] --START--
INFO: Run Behavior\BuildLiteBehavior [ RunTime:0.000024s ]
INFO: [ app_init ] --END-- [ RunTime:0.000910s ]
ERR: 无法加载模块:Application

[ 2016-11-17T21:14:23+08:00 ] ::1 /newSpaperSystem/Application/Home/View/public/css/fonts/zenicon.woff?v=2.2.0
INFO: [ app_init ] --START--
INFO: Run Behavior\BuildLiteBehavior [ RunTime:0.000029s ]
INFO: [ app_init ] --END-- [ RunTime:0.000599s ]
ERR: 无法加载模块:Application

[ 2016-11-17T21:14:23+08:00 ] ::1 /newSpaperSystem/Application/Home/View/public/css/fonts/zenicon.ttf?v=2.2.0
INFO: [ app_init ] --START--
INFO: Run Behavior\BuildLiteBehavior [ RunTime:0.000044s ]
INFO: [ app_init ] --END-- [ RunTime:0.000870s ]
ERR: 无法加载模块:Application

[ 2016-11-17T21:14:31+08:00 ] ::1 /newSpaperSystem/Application/Home/View/public/css/img/icon_gengduo1.png
INFO: [ app_init ] --START--
INFO: Run Behavior\BuildLiteBehavior [ RunTime:0.000027s ]
INFO: [ app_init ] --END-- [ RunTime:0.000491s ]
ERR: 无法加载模块:Application

[ 2016-11-17T21:14:31+08:00 ] ::1 /newSpaperSystem/Application/Home/View/public/css/fonts/zenicon.woff?v=2.2.0
INFO: [ app_init ] --START--
INFO: Run Behavior\BuildLiteBehavior [ RunTime:0.000017s ]
INFO: [ app_init ] --END-- [ RunTime:0.000547s ]
ERR: 无法加载模块:Application

[ 2016-11-17T21:14:31+08:00 ] ::1 /newSpaperSystem/Application/Home/View/public/css/fonts/zenicon.ttf?v=2.2.0
INFO: [ app_init ] --START--
INFO: Run Behavior\BuildLiteBehavior [ RunTime:0.000021s ]
INFO: [ app_init ] --END-- [ RunTime:0.000783s ]
ERR: 无法加载模块:Application

[ 2016-11-17T21:20:05+08:00 ] ::1 /newSpaperSystem/Application/Home/View/public/css/fonts/zenicon.woff?v=2.2.0
INFO: [ app_init ] --START--
INFO: Run Behavior\BuildLiteBehavior [ RunTime:0.000031s ]
INFO: [ app_init ] --END-- [ RunTime:0.000887s ]
ERR: 无法加载模块:Application

[ 2016-11-17T21:20:05+08:00 ] ::1 /newSpaperSystem/Application/Home/View/public/css/fonts/zenicon.ttf?v=2.2.0
INFO: [ app_init ] --START--
INFO: Run Behavior\BuildLiteBehavior [ RunTime:0.000049s ]
INFO: [ app_init ] --END-- [ RunTime:0.000960s ]
ERR: 无法加载模块:Application

[ 2016-11-17T21:20:10+08:00 ] ::1 /newSpaperSystem/Application/Home/View/public/css/fonts/zenicon.woff?v=2.2.0
INFO: [ app_init ] --START--
INFO: Run Behavior\BuildLiteBehavior [ RunTime:0.000088s ]
INFO: [ app_init ] --END-- [ RunTime:0.001250s ]
ERR: 无法加载模块:Application

[ 2016-11-17T21:20:10+08:00 ] ::1 /newSpaperSystem/Application/Home/View/public/css/fonts/zenicon.ttf?v=2.2.0
INFO: [ app_init ] --START--
INFO: Run Behavior\BuildLiteBehavior [ RunTime:0.000164s ]
INFO: [ app_init ] --END-- [ RunTime:0.001955s ]
ERR: 无法加载模块:Application

[ 2016-11-17T21:20:51+08:00 ] ::1 /newSpaperSystem/Application/Home/View/public/css/fonts/zenicon.woff?v=2.2.0
INFO: [ app_init ] --START--
INFO: Run Behavior\BuildLiteBehavior [ RunTime:0.000031s ]
INFO: [ app_init ] --END-- [ RunTime:0.000735s ]
ERR: 无法加载模块:Application

[ 2016-11-17T21:20:52+08:00 ] ::1 /newSpaperSystem/Application/Home/View/public/css/fonts/zenicon.ttf?v=2.2.0
INFO: [ app_init ] --START--
INFO: Run Behavior\BuildLiteBehavior [ RunTime:0.000168s ]
INFO: [ app_init ] --END-- [ RunTime:0.001729s ]
ERR: 无法加载模块:Application

[ 2016-11-17T21:20:57+08:00 ] ::1 /newSpaperSystem/Application/Home/View/public/css/img/icon_gengduo1.png
INFO: [ app_init ] --START--
INFO: Run Behavior\BuildLiteBehavior [ RunTime:0.000040s ]
INFO: [ app_init ] --END-- [ RunTime:0.000734s ]
ERR: 无法加载模块:Application

[ 2016-11-17T21:20:57+08:00 ] ::1 /newSpaperSystem/Application/Home/View/public/css/fonts/zenicon.woff?v=2.2.0
INFO: [ app_init ] --START--
INFO: Run Behavior\BuildLiteBehavior [ RunTime:0.000028s ]
INFO: [ app_init ] --END-- [ RunTime:0.000785s ]
ERR: 无法加载模块:Application

[ 2016-11-17T21:20:58+08:00 ] ::1 /newSpaperSystem/Application/Home/View/public/css/fonts/zenicon.ttf?v=2.2.0
INFO: [ app_init ] --START--
INFO: Run Behavior\BuildLiteBehavior [ RunTime:0.000017s ]
INFO: [ app_init ] --END-- [ RunTime:0.000508s ]
ERR: 无法加载模块:Application

[ 2016-11-17T21:23:05+08:00 ] ::1 /newSpaperSystem/Application/Home/View/public/css/fonts/zenicon.woff?v=2.2.0
INFO: [ app_init ] --START--
INFO: Run Behavior\BuildLiteBehavior [ RunTime:0.000027s ]
INFO: [ app_init ] --END-- [ RunTime:0.000639s ]
ERR: 无法加载模块:Application

[ 2016-11-17T21:23:05+08:00 ] ::1 /newSpaperSystem/Application/Home/View/public/css/img/icon_gengduo1.png
INFO: [ app_init ] --START--
INFO: Run Behavior\BuildLiteBehavior [ RunTime:0.000028s ]
INFO: [ app_init ] --END-- [ RunTime:0.000793s ]
ERR: 无法加载模块:Application

[ 2016-11-17T21:23:05+08:00 ] ::1 /newSpaperSystem/Application/Home/View/public/css/fonts/zenicon.ttf?v=2.2.0
INFO: [ app_init ] --START--
INFO: Run Behavior\BuildLiteBehavior [ RunTime:0.000023s ]
INFO: [ app_init ] --END-- [ RunTime:0.000647s ]
ERR: 无法加载模块:Application

[ 2016-11-17T21:39:22+08:00 ] ::1 /newSpaperSystem/Application/Home/View/public/css/img/icon_gengduo1.png
INFO: [ app_init ] --START--
INFO: Run Behavior\BuildLiteBehavior [ RunTime:0.000026s ]
INFO: [ app_init ] --END-- [ RunTime:0.000646s ]
ERR: 无法加载模块:Application

[ 2016-11-17T21:39:22+08:00 ] ::1 /newSpaperSystem/Application/Home/View/public/css/fonts/zenicon.woff?v=2.2.0
INFO: [ app_init ] --START--
INFO: Run Behavior\BuildLiteBehavior [ RunTime:0.000032s ]
INFO: [ app_init ] --END-- [ RunTime:0.000879s ]
ERR: 无法加载模块:Application

[ 2016-11-17T21:39:22+08:00 ] ::1 /newSpaperSystem/Application/Home/View/public/css/fonts/zenicon.ttf?v=2.2.0
INFO: [ app_init ] --START--
INFO: Run Behavior\BuildLiteBehavior [ RunTime:0.000028s ]
INFO: [ app_init ] --END-- [ RunTime:0.000807s ]
ERR: 无法加载模块:Application

[ 2016-11-17T21:39:25+08:00 ] ::1 /newSpaperSystem/Application/Home/View/public/css/fonts/zenicon.woff?v=2.2.0
INFO: [ app_init ] --START--
INFO: Run Behavior\BuildLiteBehavior [ RunTime:0.000186s ]
INFO: [ app_init ] --END-- [ RunTime:0.005346s ]
ERR: 无法加载模块:Application

[ 2016-11-17T21:39:25+08:00 ] ::1 /newSpaperSystem/Application/Home/View/public/css/fonts/zenicon.ttf?v=2.2.0
INFO: [ app_init ] --START--
INFO: Run Behavior\BuildLiteBehavior [ RunTime:0.000016s ]
INFO: [ app_init ] --END-- [ RunTime:0.000431s ]
ERR: 无法加载模块:Application

[ 2016-11-17T21:39:28+08:00 ] ::1 /newSpaperSystem/Application/Home/View/public/css/fonts/zenicon.woff?v=2.2.0
INFO: [ app_init ] --START--
INFO: Run Behavior\BuildLiteBehavior [ RunTime:0.000019s ]
INFO: [ app_init ] --END-- [ RunTime:0.000514s ]
ERR: 无法加载模块:Application

[ 2016-11-17T21:39:28+08:00 ] ::1 /newSpaperSystem/Application/Home/View/public/css/fonts/zenicon.ttf?v=2.2.0
INFO: [ app_init ] --START--
INFO: Run Behavior\BuildLiteBehavior [ RunTime:0.000031s ]
INFO: [ app_init ] --END-- [ RunTime:0.000870s ]
ERR: 无法加载模块:Application

[ 2016-11-17T21:40:37+08:00 ] ::1 /newSpaperSystem/Application/Home/View/public/css/fonts/zenicon.woff?v=2.2.0
INFO: [ app_init ] --START--
INFO: Run Behavior\BuildLiteBehavior [ RunTime:0.000030s ]
INFO: [ app_init ] --END-- [ RunTime:0.000777s ]
ERR: 无法加载模块:Application

[ 2016-11-17T21:40:37+08:00 ] ::1 /newSpaperSystem/Application/Home/View/public/css/fonts/zenicon.ttf?v=2.2.0
INFO: [ app_init ] --START--
INFO: Run Behavior\BuildLiteBehavior [ RunTime:0.000035s ]
INFO: [ app_init ] --END-- [ RunTime:0.001496s ]
ERR: 无法加载模块:Application

[ 2016-11-17T21:40:53+08:00 ] ::1 /newSpaperSystem/Application/Home/View/public/css/fonts/zenicon.woff?v=2.2.0
INFO: [ app_init ] --START--
INFO: Run Behavior\BuildLiteBehavior [ RunTime:0.000189s ]
INFO: [ app_init ] --END-- [ RunTime:0.002473s ]
ERR: 无法加载模块:Application

[ 2016-11-17T21:40:53+08:00 ] ::1 /newSpaperSystem/Application/Home/View/public/css/fonts/zenicon.ttf?v=2.2.0
INFO: [ app_init ] --START--
INFO: Run Behavior\BuildLiteBehavior [ RunTime:0.000035s ]
INFO: [ app_init ] --END-- [ RunTime:0.000757s ]
ERR: 无法加载模块:Application

[ 2016-11-17T21:42:04+08:00 ] ::1 /newSpaperSystem/Application/Home/View/public/css/fonts/zenicon.woff?v=2.2.0
INFO: [ app_init ] --START--
INFO: Run Behavior\BuildLiteBehavior [ RunTime:0.000041s ]
INFO: [ app_init ] --END-- [ RunTime:0.000935s ]
ERR: 无法加载模块:Application

[ 2016-11-17T21:42:04+08:00 ] ::1 /newSpaperSystem/Application/Home/View/public/css/fonts/zenicon.ttf?v=2.2.0
INFO: [ app_init ] --START--
INFO: Run Behavior\BuildLiteBehavior [ RunTime:0.000037s ]
INFO: [ app_init ] --END-- [ RunTime:0.001212s ]
ERR: 无法加载模块:Application

[ 2016-11-17T21:45:23+08:00 ] ::1 /newSpaperSystem/Application/Home/View/public/css/fonts/zenicon.woff?v=2.2.0
INFO: [ app_init ] --START--
INFO: Run Behavior\BuildLiteBehavior [ RunTime:0.000027s ]
INFO: [ app_init ] --END-- [ RunTime:0.000701s ]
ERR: 无法加载模块:Application

[ 2016-11-17T21:45:23+08:00 ] ::1 /newSpaperSystem/Application/Home/View/public/css/fonts/zenicon.ttf?v=2.2.0
INFO: [ app_init ] --START--
INFO: Run Behavior\BuildLiteBehavior [ RunTime:0.000034s ]
INFO: [ app_init ] --END-- [ RunTime:0.000835s ]
ERR: 无法加载模块:Application

[ 2016-11-17T21:49:43+08:00 ] ::1 /newSpaperSystem/Application/Home/View/public/css/fonts/zenicon.woff?v=2.2.0
INFO: [ app_init ] --START--
INFO: Run Behavior\BuildLiteBehavior [ RunTime:0.000031s ]
INFO: [ app_init ] --END-- [ RunTime:0.000779s ]
ERR: 无法加载模块:Application

[ 2016-11-17T21:49:43+08:00 ] ::1 /newSpaperSystem/Application/Home/View/public/css/fonts/zenicon.ttf?v=2.2.0
INFO: [ app_init ] --START--
INFO: Run Behavior\BuildLiteBehavior [ RunTime:0.000076s ]
INFO: [ app_init ] --END-- [ RunTime:0.001082s ]
ERR: 无法加载模块:Application

[ 2016-11-17T21:50:33+08:00 ] ::1 /newSpaperSystem/Application/Home/View/public/css/fonts/zenicon.woff?v=2.2.0
INFO: [ app_init ] --START--
INFO: Run Behavior\BuildLiteBehavior [ RunTime:0.000148s ]
INFO: [ app_init ] --END-- [ RunTime:0.001655s ]
ERR: 无法加载模块:Application

[ 2016-11-17T21:50:33+08:00 ] ::1 /newSpaperSystem/Application/Home/View/public/css/fonts/zenicon.ttf?v=2.2.0
INFO: [ app_init ] --START--
INFO: Run Behavior\BuildLiteBehavior [ RunTime:0.000027s ]
INFO: [ app_init ] --END-- [ RunTime:0.000703s ]
ERR: 无法加载模块:Application

[ 2016-11-17T21:50:45+08:00 ] ::1 /newSpaperSystem/Application/Home/View/public/css/fonts/zenicon.woff?v=2.2.0
INFO: [ app_init ] --START--
INFO: Run Behavior\BuildLiteBehavior [ RunTime:0.000043s ]
INFO: [ app_init ] --END-- [ RunTime:0.001173s ]
ERR: 无法加载模块:Application

[ 2016-11-17T21:50:45+08:00 ] ::1 /newSpaperSystem/Application/Home/View/public/css/fonts/zenicon.ttf?v=2.2.0
INFO: [ app_init ] --START--
INFO: Run Behavior\BuildLiteBehavior [ RunTime:0.000034s ]
INFO: [ app_init ] --END-- [ RunTime:0.001122s ]
ERR: 无法加载模块:Application

[ 2016-11-17T21:51:13+08:00 ] ::1 /newSpaperSystem/Application/Home/View/public/css/fonts/zenicon.woff?v=2.2.0
INFO: [ app_init ] --START--
INFO: Run Behavior\BuildLiteBehavior [ RunTime:0.000032s ]
INFO: [ app_init ] --END-- [ RunTime:0.000909s ]
ERR: 无法加载模块:Application

[ 2016-11-17T21:51:13+08:00 ] ::1 /newSpaperSystem/Application/Home/View/public/css/fonts/zenicon.ttf?v=2.2.0
INFO: [ app_init ] --START--
INFO: Run Behavior\BuildLiteBehavior [ RunTime:0.000035s ]
INFO: [ app_init ] --END-- [ RunTime:0.000862s ]
ERR: 无法加载模块:Application

[ 2016-11-17T21:56:25+08:00 ] ::1 /newSpaperSystem/Application/Home/View/public/css/fonts/zenicon.woff?v=2.2.0
INFO: [ app_init ] --START--
INFO: Run Behavior\BuildLiteBehavior [ RunTime:0.000042s ]
INFO: [ app_init ] --END-- [ RunTime:0.000815s ]
ERR: 无法加载模块:Application

[ 2016-11-17T21:56:25+08:00 ] ::1 /newSpaperSystem/Application/Home/View/public/css/fonts/zenicon.ttf?v=2.2.0
INFO: [ app_init ] --START--
INFO: Run Behavior\BuildLiteBehavior [ RunTime:0.000148s ]
INFO: [ app_init ] --END-- [ RunTime:0.001528s ]
ERR: 无法加载模块:Application

[ 2016-11-17T21:56:36+08:00 ] ::1 /newSpaperSystem/Application/Home/View/public/css/fonts/zenicon.woff?v=2.2.0
INFO: [ app_init ] --START--
INFO: Run Behavior\BuildLiteBehavior [ RunTime:0.000041s ]
INFO: [ app_init ] --END-- [ RunTime:0.000935s ]
ERR: 无法加载模块:Application

[ 2016-11-17T21:56:36+08:00 ] ::1 /newSpaperSystem/Application/Home/View/public/css/fonts/zenicon.ttf?v=2.2.0
INFO: [ app_init ] --START--
INFO: Run Behavior\BuildLiteBehavior [ RunTime:0.000030s ]
INFO: [ app_init ] --END-- [ RunTime:0.001181s ]
ERR: 无法加载模块:Application

[ 2016-11-17T21:57:34+08:00 ] ::1 /newSpaperSystem/Application/Home/View/public/css/fonts/zenicon.woff?v=2.2.0
INFO: [ app_init ] --START--
INFO: Run Behavior\BuildLiteBehavior [ RunTime:0.000032s ]
INFO: [ app_init ] --END-- [ RunTime:0.000742s ]
ERR: 无法加载模块:Application

[ 2016-11-17T21:57:34+08:00 ] ::1 /newSpaperSystem/Application/Home/View/public/css/fonts/zenicon.ttf?v=2.2.0
INFO: [ app_init ] --START--
INFO: Run Behavior\BuildLiteBehavior [ RunTime:0.000032s ]
INFO: [ app_init ] --END-- [ RunTime:0.000817s ]
ERR: 无法加载模块:Application

[ 2016-11-17T21:57:40+08:00 ] ::1 /newSpaperSystem/Application/Home/View/public/css/img/icon_gengduo1.png
INFO: [ app_init ] --START--
INFO: Run Behavior\BuildLiteBehavior [ RunTime:0.000026s ]
INFO: [ app_init ] --END-- [ RunTime:0.000660s ]
ERR: 无法加载模块:Application

[ 2016-11-17T21:57:40+08:00 ] ::1 /newSpaperSystem/Application/Home/View/public/css/fonts/zenicon.woff?v=2.2.0
INFO: [ app_init ] --START--
INFO: Run Behavior\BuildLiteBehavior [ RunTime:0.000028s ]
INFO: [ app_init ] --END-- [ RunTime:0.000802s ]
ERR: 无法加载模块:Application

[ 2016-11-17T21:57:40+08:00 ] ::1 /newSpaperSystem/Application/Home/View/public/css/fonts/zenicon.ttf?v=2.2.0
INFO: [ app_init ] --START--
INFO: Run Behavior\BuildLiteBehavior [ RunTime:0.000037s ]
INFO: [ app_init ] --END-- [ RunTime:0.000979s ]
ERR: 无法加载模块:Application

[ 2016-11-17T22:01:24+08:00 ] ::1 /newSpaperSystem/Application/Home/View/public/css/fonts/zenicon.woff?v=2.2.0
INFO: [ app_init ] --START--
INFO: Run Behavior\BuildLiteBehavior [ RunTime:0.000030s ]
INFO: [ app_init ] --END-- [ RunTime:0.000642s ]
ERR: 无法加载模块:Application

[ 2016-11-17T22:01:24+08:00 ] ::1 /newSpaperSystem/Application/Home/View/public/css/img/icon_gengduo1.png
INFO: [ app_init ] --START--
INFO: Run Behavior\BuildLiteBehavior [ RunTime:0.000030s ]
INFO: [ app_init ] --END-- [ RunTime:0.000901s ]
ERR: 无法加载模块:Application

[ 2016-11-17T22:01:24+08:00 ] ::1 /newSpaperSystem/Application/Home/View/public/css/fonts/zenicon.ttf?v=2.2.0
INFO: [ app_init ] --START--
INFO: Run Behavior\BuildLiteBehavior [ RunTime:0.000034s ]
INFO: [ app_init ] --END-- [ RunTime:0.001322s ]
ERR: 无法加载模块:Application

[ 2016-11-17T22:01:27+08:00 ] ::1 /newSpaperSystem/Application/Home/View/public/css/fonts/zenicon.woff?v=2.2.0
INFO: [ app_init ] --START--
INFO: Run Behavior\BuildLiteBehavior [ RunTime:0.000026s ]
INFO: [ app_init ] --END-- [ RunTime:0.000740s ]
ERR: 无法加载模块:Application

[ 2016-11-17T22:01:27+08:00 ] ::1 /newSpaperSystem/Application/Home/View/public/css/fonts/zenicon.ttf?v=2.2.0
INFO: [ app_init ] --START--
INFO: Run Behavior\BuildLiteBehavior [ RunTime:0.000030s ]
INFO: [ app_init ] --END-- [ RunTime:0.000791s ]
ERR: 无法加载模块:Application

[ 2016-11-17T22:01:30+08:00 ] ::1 /newSpaperSystem/Application/Home/View/public/css/fonts/zenicon.woff?v=2.2.0
INFO: [ app_init ] --START--
INFO: Run Behavior\BuildLiteBehavior [ RunTime:0.000026s ]
INFO: [ app_init ] --END-- [ RunTime:0.000765s ]
ERR: 无法加载模块:Application

[ 2016-11-17T22:01:30+08:00 ] ::1 /newSpaperSystem/Application/Home/View/public/css/fonts/zenicon.ttf?v=2.2.0
INFO: [ app_init ] --START--
INFO: Run Behavior\BuildLiteBehavior [ RunTime:0.000052s ]
INFO: [ app_init ] --END-- [ RunTime:0.000972s ]
ERR: 无法加载模块:Application

