[ 2016-11-16T21:51:41+08:00 ] ::1 /term/newSpaperSystem/index.php?s=/index.php/Home/Login/index.html.html
INFO: [ app_init ] --START--
INFO: Run Behavior\BuildLiteBehavior [ RunTime:0.000016s ]
INFO: [ app_init ] --END-- [ RunTime:0.000415s ]
ERR: 无法加载模块:Index.php

[ 2016-11-16T21:52:54+08:00 ] ::1 /term/newSpaperSystem/index.php?s=/index.php/Home/Login/index.html.html
INFO: [ app_init ] --START--
INFO: Run Behavior\BuildLiteBehavior [ RunTime:0.000026s ]
INFO: [ app_init ] --END-- [ RunTime:0.000791s ]
ERR: 无法加载模块:Index.php

[ 2016-11-16T22:25:15+08:00 ] ::1 /term/newSpaperSystem/index.php?s=/User/Person/index.html
INFO: [ app_init ] --START--
INFO: Run Behavior\BuildLiteBehavior [ RunTime:0.000023s ]
INFO: [ app_init ] --END-- [ RunTime:0.000439s ]
ERR: 无法加载模块:User

[ 2016-11-16T22:25:50+08:00 ] ::1 /term/newSpaperSystem/index.php?s=/User/Person/index.html
INFO: [ app_init ] --START--
INFO: Run Behavior\BuildLiteBehavior [ RunTime:0.000016s ]
INFO: [ app_init ] --END-- [ RunTime:0.000448s ]
ERR: 无法加载模块:User

[ 2016-11-16T23:41:19+08:00 ] ::1 /term/newSpaperSystem/index.php?s=/Common/common/indd
INFO: [ app_init ] --START--
INFO: Run Behavior\BuildLiteBehavior [ RunTime:0.000017s ]
INFO: [ app_init ] --END-- [ RunTime:0.000548s ]
ERR: 无法加载模块:Common

